22:24:29.857 [DEBUG] [Preparing][main][c.d.cover.ui.a.u] Client heap size: 4028 MB
22:24:29.873 [INFO]  [Preparing][main][c.d.cover.ui.a.u] Diffblue Cover 2023.08.02-1086ce8-unrestricted
22:24:29.874 [INFO]  [Preparing][main][c.d.cover.ui.a.u] 
22:24:29.877 [INFO]  [Preparing][main][c.d.cover.ui.a.u] Running: dcover create --working-directory=app --keep-partial-tests
22:24:31.950 [INFO]  [Checking][main][c.d.cover.ui.a.j] Detecting environment:
22:24:31.951 [INFO]  [Checking][main][c.d.cover.ui.a.j] ----------------------
22:24:32.033 [INFO]  [Checking][main][c.d.cover.ui.a.j] Detected Java version 17.0.6
22:24:33.783 [DEBUG] [Checking][main][c.d.d.g.a] Querying Gradle project info using --init-script C:\Users\cbontoiu\AppData\Local\Temp\diffblueGradleInit12655918221663477760.gradle and plugin C:\Users\cbontoiu\AppData\Local\Temp\diffblueGradlePlugin5938330477640384136.jar
22:24:33.786 [DEBUG] [Checking][gradle][c.d.d.g.a] cmd: gradle --init-script C:\Users\cbontoiu\AppData\Local\Temp\diffblueGradleInit12655918221663477760.gradle --info (equivalent via API)
22:24:33.899 [DEBUG] [Checking][gradle][c.d.d.g.a] out: The client will now receive all logging from the daemon (pid: 18420). The daemon log file: C:\Users\cbontoiu\.gradle\daemon\8.2\daemon-18420.out.log
22:24:33.899 [DEBUG] [Checking][gradle][c.d.d.g.a] out: Starting 3rd build in daemon [uptime: 1 mins 2.284 secs, performance: 100%, GC rate: 0.00/s, heap usage: 0% of 512 MiB, non-heap usage: 16% of 384 MiB]
22:24:33.899 [DEBUG] [Checking][gradle][c.d.d.g.a] out: Closing daemon's stdin at end of input.
22:24:33.899 [DEBUG] [Checking][gradle][c.d.d.g.a] out: The daemon will no longer process any standard input.
22:24:33.899 [DEBUG] [Checking][gradle][c.d.d.g.a] out: Using 8 worker leases.
22:24:33.899 [DEBUG] [Checking][gradle][c.d.d.g.a] out: Now considering [C:\Users\cbontoiu\Desktop\DiffblueTutorials\DemoCLI] as hierarchies to watch
22:24:33.899 [DEBUG] [Checking][gradle][c.d.d.g.a] out: Watching the file system is configured to be enabled if available
22:24:33.899 [DEBUG] [Checking][gradle][c.d.d.g.a] out: File system watching is active
22:24:33.899 [DEBUG] [Checking][gradle][c.d.d.g.a] out: Compiling initialization script 'C:\Users\cbontoiu\AppData\Local\Temp\diffblueGradleInit12655918221663477760.gradle' using SubsetScriptTransformer.
22:24:34.102 [DEBUG] [Checking][gradle][c.d.d.g.a] out: The configuration classpath is both resolvable and consumable. This is considered a legacy configuration and it will eventually only be possible to be one of these.
22:24:34.102 [DEBUG] [Checking][gradle][c.d.d.g.a] out: The configuration classpath is both consumable and declarable. This combination is incorrect, only one of these flags should be set.
22:24:34.102 [DEBUG] [Checking][gradle][c.d.d.g.a] out: The configuration classpath is both resolvable and consumable. This is considered a legacy configuration and it will eventually only be possible to be one of these.
22:24:34.102 [DEBUG] [Checking][gradle][c.d.d.g.a] out: The configuration classpath is both consumable and declarable. This combination is incorrect, only one of these flags should be set.
22:24:34.212 [DEBUG] [Checking][gradle][c.d.d.g.a] out: Compiling initialization script 'C:\Users\cbontoiu\AppData\Local\Temp\diffblueGradleInit12655918221663477760.gradle' using BuildScriptTransformer.
22:24:34.607 [DEBUG] [Checking][gradle][c.d.d.g.a] out: Starting Build
22:24:34.607 [DEBUG] [Checking][gradle][c.d.d.g.a] out: Settings evaluated using settings file 'C:\Users\cbontoiu\Desktop\DiffblueTutorials\DemoCLI\settings.gradle'.
22:24:34.607 [DEBUG] [Checking][gradle][c.d.d.g.a] out: Projects loaded. Root project using build file 'C:\Users\cbontoiu\Desktop\DiffblueTutorials\DemoCLI\build.gradle'.
22:24:34.607 [DEBUG] [Checking][gradle][c.d.d.g.a] out: Included projects: [root project 'DemoCLI', project ':app', project ':common']
22:24:34.703 [DEBUG] [Checking][gradle][c.d.d.g.a] out: 
22:24:34.703 [DEBUG] [Checking][gradle][c.d.d.g.a] out: > Configure project :
22:24:34.703 [DEBUG] [Checking][gradle][c.d.d.g.a] out: Evaluating root project 'DemoCLI' using build file 'C:\Users\cbontoiu\Desktop\DiffblueTutorials\DemoCLI\build.gradle'.
22:24:34.703 [DEBUG] [Checking][gradle][c.d.d.g.a] out: Configuring Jacoco Plugin for use with Diffblue Cover
22:24:34.703 [DEBUG] [Checking][gradle][c.d.d.g.a] out: Configuring task :test for use with Diffblue Cover
22:24:34.703 [DEBUG] [Checking][gradle][c.d.d.g.a] out: ignoreFailures: false
22:24:34.703 [DEBUG] [Checking][gradle][c.d.d.g.a] out: excludes: []
22:24:34.703 [DEBUG] [Checking][gradle][c.d.d.g.a] out: includes: []
22:24:34.703 [DEBUG] [Checking][gradle][c.d.d.g.a] out: Configuring task :jacocoTestReport for use with Diffblue Cover
22:24:34.703 [DEBUG] [Checking][gradle][c.d.d.g.a] out: Configuring task :jacocoTestReportDeletePrevious for use with Diffblue Cover
22:24:34.703 [DEBUG] [Checking][gradle][c.d.d.g.a] out: Configuring task :jacocoTestReportPrepareEmptyExec for use with Diffblue Cover
22:24:34.798 [DEBUG] [Checking][gradle][c.d.d.g.a] out: 
22:24:34.798 [DEBUG] [Checking][gradle][c.d.d.g.a] out: > Configure project :app
22:24:34.798 [DEBUG] [Checking][gradle][c.d.d.g.a] out: Evaluating project ':app' using build file 'C:\Users\cbontoiu\Desktop\DiffblueTutorials\DemoCLI\app\build.gradle'.
22:24:34.798 [DEBUG] [Checking][gradle][c.d.d.g.a] out: Configuring Jacoco Plugin for use with Diffblue Cover
22:24:34.798 [DEBUG] [Checking][gradle][c.d.d.g.a] out: Configuring task :app:test for use with Diffblue Cover
22:24:34.798 [DEBUG] [Checking][gradle][c.d.d.g.a] out: ignoreFailures: false
22:24:34.799 [DEBUG] [Checking][gradle][c.d.d.g.a] out: excludes: []
22:24:34.799 [DEBUG] [Checking][gradle][c.d.d.g.a] out: includes: []
22:24:34.799 [DEBUG] [Checking][gradle][c.d.d.g.a] out: Configuring task :app:jacocoTestReport for use with Diffblue Cover
22:24:34.799 [DEBUG] [Checking][gradle][c.d.d.g.a] out: Configuring task :app:jacocoTestReportDeletePrevious for use with Diffblue Cover
22:24:34.799 [DEBUG] [Checking][gradle][c.d.d.g.a] out: Configuring task :app:jacocoTestReportPrepareEmptyExec for use with Diffblue Cover
22:24:34.799 [DEBUG] [Checking][gradle][c.d.d.g.a] out: 
22:24:34.799 [DEBUG] [Checking][gradle][c.d.d.g.a] out: > Configure project :common
22:24:34.799 [DEBUG] [Checking][gradle][c.d.d.g.a] out: Evaluating project ':common' using build file 'C:\Users\cbontoiu\Desktop\DiffblueTutorials\DemoCLI\common\build.gradle'.
22:24:34.799 [DEBUG] [Checking][gradle][c.d.d.g.a] out: Configuring Jacoco Plugin for use with Diffblue Cover
22:24:34.799 [DEBUG] [Checking][gradle][c.d.d.g.a] out: Configuring task :common:test for use with Diffblue Cover
22:24:34.799 [DEBUG] [Checking][gradle][c.d.d.g.a] out: ignoreFailures: false
22:24:34.799 [DEBUG] [Checking][gradle][c.d.d.g.a] out: excludes: []
22:24:34.799 [DEBUG] [Checking][gradle][c.d.d.g.a] out: includes: []
22:24:34.799 [DEBUG] [Checking][gradle][c.d.d.g.a] out: Configuring task :common:jacocoTestReport for use with Diffblue Cover
22:24:34.799 [DEBUG] [Checking][gradle][c.d.d.g.a] out: Configuring task :common:jacocoTestReportDeletePrevious for use with Diffblue Cover
22:24:34.799 [DEBUG] [Checking][gradle][c.d.d.g.a] out: Configuring task :common:jacocoTestReportPrepareEmptyExec for use with Diffblue Cover
22:24:34.799 [DEBUG] [Checking][gradle][c.d.d.g.a] out: All projects evaluated.
22:24:34.799 [DEBUG] [Checking][gradle][c.d.d.g.a] out: The configuration :app:coverageDataElementsForTest is both consumable and declarable. This combination is incorrect, only one of these flags should be set.
22:24:34.799 [DEBUG] [Checking][gradle][c.d.d.g.a] out: The configuration :app:mainSourceElements is both consumable and declarable. This combination is incorrect, only one of these flags should be set.
22:24:34.799 [DEBUG] [Checking][gradle][c.d.d.g.a] out: The configuration :common:coverageDataElementsForTest is both consumable and declarable. This combination is incorrect, only one of these flags should be set.
22:24:34.799 [DEBUG] [Checking][gradle][c.d.d.g.a] out: The configuration :common:mainSourceElements is both consumable and declarable. This combination is incorrect, only one of these flags should be set.
22:24:34.908 [DEBUG] [Checking][gradle][c.d.d.g.a] out: 
22:24:34.909 [DEBUG] [Checking][gradle][c.d.d.g.a] out: CONFIGURE SUCCESSFUL in 1s
22:24:34.909 [DEBUG] [Checking][gradle][c.d.d.g.a] out: Watched directory hierarchies: [C:\Users\cbontoiu\Desktop\DiffblueTutorials\DemoCLI]
22:24:35.306 [INFO]  [Checking][main][c.d.cover.ui.a.j] Detected build system: Gradle 8.2
22:24:35.311 [INFO]  [Checking][main][c.d.cover.n.a.ag] Operating System: Windows 11 amd64 10.0
22:24:35.311 [INFO]  [Checking][main][c.d.cover.n.a.ag] Default charset: windows-1252
22:24:35.313 [INFO]  [Checking][main][c.d.cover.n.a.ag] Default locale: en_GB
22:24:35.313 [INFO]  [Checking][main][c.d.cover.n.a.ag] Default time zone: Europe/London
22:24:35.315 [INFO]  [Checking][main][c.d.cover.ui.a.j] Selected build system: Gradle
22:24:35.320 [INFO]  [Checking][main][c.d.cover.ui.a.j] Selected classpath from build system Gradle
22:24:35.322 [INFO]  [Checking][main][c.d.cover.n.c.b] Expanded classpath: 
C:\Users\cbontoiu\Desktop\DiffblueTutorials\DemoCLI\app\build\classes\java\main (code under test)
C:\Users\cbontoiu\Desktop\DiffblueTutorials\DemoCLI\app\build\resources\test
C:\Users\cbontoiu\Desktop\DiffblueTutorials\DemoCLI\app\build\resources\main
C:\Users\cbontoiu\Desktop\DiffblueTutorials\DemoCLI\common\build\libs\common-1.0-SNAPSHOT.jar
C:\Users\cbontoiu\.gradle\caches\modules-2\files-2.1\org.junit.jupiter\junit-jupiter\5.10.0\8fea1d9c58b2156f1b998f2f18da04bc9e087f74\junit-jupiter-5.10.0.jar
C:\Users\cbontoiu\.gradle\caches\modules-2\files-2.1\org.junit.jupiter\junit-jupiter-params\5.10.0\9041c7365495a897a64782ea5a6fdb99dab1814e\junit-jupiter-params-5.10.0.jar
C:\Users\cbontoiu\.gradle\caches\modules-2\files-2.1\org.junit.jupiter\junit-jupiter-engine\5.10.0\90587932d718fc51a48112d33045a18476c542ad\junit-jupiter-engine-5.10.0.jar
C:\Users\cbontoiu\.gradle\caches\modules-2\files-2.1\org.junit.jupiter\junit-jupiter-api\5.10.0\2fe4ba3d31d5067878e468c96aa039005a9134d3\junit-jupiter-api-5.10.0.jar
C:\Users\cbontoiu\.gradle\caches\modules-2\files-2.1\org.junit.platform\junit-platform-engine\1.10.0\276c4edcf64fabb5a139fa7b4f99330d7a93b804\junit-platform-engine-1.10.0.jar
C:\Users\cbontoiu\.gradle\caches\modules-2\files-2.1\org.junit.platform\junit-platform-commons\1.10.0\d533ff2c286eaf963566f92baf5f8a06628d2609\junit-platform-commons-1.10.0.jar
C:\Users\cbontoiu\.gradle\caches\modules-2\files-2.1\org.mockito\mockito-core\5.5.0\1660ec3ce0af7f713af923817b225a37cc5cf965\mockito-core-5.5.0.jar
C:\Users\cbontoiu\.gradle\caches\modules-2\files-2.1\net.bytebuddy\byte-buddy\1.14.6\316c1b1f3208a9d716c4419ed2080443235f7d1\byte-buddy-1.14.6.jar
C:\Users\cbontoiu\.gradle\caches\modules-2\files-2.1\net.bytebuddy\byte-buddy-agent\1.14.6\46e2545d7a97b6ccb195621650c5957279eb4812\byte-buddy-agent-1.14.6.jar
C:\Users\cbontoiu\.gradle\caches\modules-2\files-2.1\org.objenesis\objenesis\3.3\1049c09f1de4331e8193e579448d0916d75b7631\objenesis-3.3.jar
C:\Users\cbontoiu\.gradle\caches\modules-2\files-2.1\org.opentest4j\opentest4j\1.3.0\152ea56b3a72f655d4fd677fc0ef2596c3dd5e6e\opentest4j-1.3.0.jar
22:24:35.501 [INFO]  [Checking][main][c.d.cover.ui.a.j] Detected test framework: JUnit Jupiter 5.10.0
22:24:35.506 [INFO]  [Checking][main][c.d.cover.ui.a.j] Detected JUnit Jupiter version 5.10.0
22:24:35.511 [INFO]  [Checking][main][c.d.cover.ui.a.j] Detected JUnit Jupiter Params version 5.10.0
22:24:35.559 [INFO]  [Checking][main][c.d.cover.ui.a.j] Detected Mockito version 5.5.0
22:24:35.586 [INFO]  [Checking][main][c.d.cover.ui.a.j] Indexing...
22:24:35.921 [INFO]  [Checking][main][c.d.cover.ui.a.j] Selected test output directory: C:\Users\cbontoiu\Desktop\DiffblueTutorials\DemoCLI\app\src\test\java
22:24:35.930 [INFO]  [Checking][main][c.d.d.g.b] Running: Using JAVA_HOME: C:\Program Files\Java\jdk-17 : in C:\Users\cbontoiu\Desktop\DiffblueTutorials\DemoCLI\app : gradle test -i  DummyJupiterDiffblueTest
22:24:42.348 [DEBUG] [Checking][main][c.d.cover.n.c.m] JUnitJupiter5 is present
22:24:42.348 [DEBUG] [Checking][main][c.d.cover.n.c.m] JUnitJupiter5 is supported
22:24:42.348 [DEBUG] [Checking][main][c.d.cover.n.c.m] JUnit 5 is present and either it's not been specified by the user or it is the same as the version the user specified
22:24:42.349 [INFO]  [Checking][main][c.d.cover.ui.a.j] Selected test framework: JUnit Jupiter
22:24:42.400 [INFO]  [Checking][main][c.d.d.g.b] Running: Using JAVA_HOME: C:\Program Files\Java\jdk-17 : in C:\Users\cbontoiu\Desktop\DiffblueTutorials\DemoCLI\app : gradle test -i  DummyJUnitJupiterLauncherDiffblueTest
22:24:43.726 [INFO]  [Checking][main][c.d.cover.ui.a.j] Detected JVM architecture: 64-Bit
22:24:44.519 [INFO]  [Checking][main][c.d.cover.ui.a.j] Selected Java language compliance level: 17
22:24:44.520 [INFO]  [Checking][main][c.d.cover.ui.a.j] Selected test validation: enabled
22:24:44.545 [INFO]  [Checking][main][c.d.cover.ui.a.j] Prefixes for filtering classes/methods:
22:24:44.554 [INFO]  [Checking][main][c.d.cover.ui.a.j] - org.action
22:24:44.555 [INFO]  [Checking][main][c.d.cover.ui.a.j] - org.base
22:24:44.556 [INFO]  [Checking][main][c.d.cover.ui.a.j] - org.features
22:24:44.556 [INFO]  [Checking][main][c.d.cover.ui.a.j] Gathering methods to test...
22:24:45.419 [ERROR] [Checking][main][c.d.cover.ui.a.j] E053: Unsupported dependency
Unable to mock method inputs because a supported version of Mockito is not present on the classpath.
Mockito was found at unsupported version 5.5.0.
Please downgrade it to the following version:
  testImplementation("org.mockito:mockito-core:5.4.0")
22:24:45.428 [INFO]  [Reporting][main][c.d.cover.ui.a.j] 
22:24:45.428 [INFO]  [Reporting][main][c.d.cover.ui.a.j] Environment summary:
22:24:45.428 [INFO]  [Reporting][main][c.d.cover.ui.a.j] --------------------
22:24:45.430 [INFO]  [Reporting][main][c.d.cover.ui.a.j] Java version                  17.0.6                        SUCCESS        
22:24:45.430 [INFO]  [Reporting][main][c.d.cover.ui.a.j] Build system                  Gradle                        SUCCESS        
22:24:45.430 [ERROR] [Reporting][main][c.d.cover.ui.a.j] Mocking Framework             Mockito 5.5.0                 ERROR          
22:24:45.430 [DEBUG] [Reporting][main][c.d.cover.ui.a.j] Surefire version              Skipped                       -----          
22:24:45.430 [INFO]  [Reporting][main][c.d.cover.ui.a.j] Testing framework             JUnit Jupiter 5               SUCCESS        
22:24:45.430 [DEBUG] [Reporting][main][c.d.cover.ui.a.j] JavaEE version                Skipped                       -----          
22:24:45.430 [DEBUG] [Reporting][main][c.d.cover.ui.a.j] JaCoCo plugin version         Skipped                       -----          
22:24:45.431 [INFO]  [Reporting][main][c.d.cover.ui.a.j] Launcher                      JUnit Jupiter                 SUCCESS        
22:24:45.431 [INFO]  [Reporting][main][c.d.cover.ui.a.j] Test validation               Enabled                       SUCCESS        
22:24:45.431 [DEBUG] [Reporting][main][c.d.cover.ui.a.j] Hamcrest                      Not Detected                  -----          
22:24:45.431 [DEBUG] [Reporting][main][c.d.cover.ui.a.j] Spring Core                   Not Detected                  -----          
22:24:45.431 [DEBUG] [Reporting][main][c.d.cover.ui.a.j] Spring Boot                   Skipped                       -----          
22:24:45.431 [DEBUG] [Reporting][main][c.d.cover.ui.a.j] Spring Boot Test              Skipped                       -----          
22:24:45.431 [DEBUG] [Reporting][main][c.d.cover.ui.a.j] Spring Web                    Skipped                       -----          
22:24:45.431 [DEBUG] [Reporting][main][c.d.cover.ui.a.j] Spring Security Web           Skipped                       -----          
22:24:45.431 [DEBUG] [Reporting][main][c.d.cover.ui.a.j] Spring Test                   Skipped                       -----          
22:24:45.431 [INFO]  [Reporting][main][c.d.cover.ui.a.j] 
22:24:45.431 [ERROR] [Reporting][main][c.d.cover.ui.a.j] Environment check status: ERROR
22:24:45.446 [INFO]  [Checking][main][c.d.cover.ui.a.b] Log file: C:\Users\cbontoiu\Desktop\DiffblueTutorials\DemoCLI\app\.diffblue\log\user-20230912T222429.log
22:24:45.447 [INFO]  [Reporting][main][c.d.cover.ui.a.u] Finished in 15s
