23:28:06.309 [INFO]  [Preparing] Diffblue Cover 2023.08.02-1086ce8-unrestricted
23:28:06.310 [INFO]  [Preparing] 
23:28:06.310 [INFO]  [Preparing] Running: dcover create extra --working-directory=app --keep-partial-tests
23:28:08.259 [INFO]  [Checking] Detecting environment:
23:28:08.260 [INFO]  [Checking] ----------------------
23:28:08.337 [INFO]  [Checking] Detected Java version 17.0.6
23:28:10.870 [INFO]  [Checking] Detected build system: Gradle 8.2
23:28:10.876 [INFO]  [Checking] Operating System: Windows 11 amd64 10.0
23:28:10.876 [INFO]  [Checking] Default charset: windows-1252
23:28:10.876 [INFO]  [Checking] Default locale: en_GB
23:28:10.877 [INFO]  [Checking] Default time zone: Europe/London
23:28:10.879 [INFO]  [Checking] Selected build system: Gradle
23:28:10.883 [INFO]  [Checking] Selected classpath from build system Gradle
23:28:10.886 [INFO]  [Checking] Expanded classpath: 
C:\Users\cbontoiu\Desktop\DiffblueTutorials\DemoCLI\app\build\classes\java\main (code under test)
C:\Users\cbontoiu\Desktop\DiffblueTutorials\DemoCLI\app\build\resources\test
C:\Users\cbontoiu\Desktop\DiffblueTutorials\DemoCLI\app\build\resources\main
C:\Users\cbontoiu\Desktop\DiffblueTutorials\DemoCLI\common\build\libs\common-1.0-SNAPSHOT.jar
C:\Users\cbontoiu\.gradle\caches\modules-2\files-2.1\org.junit.jupiter\junit-jupiter\5.10.0\8fea1d9c58b2156f1b998f2f18da04bc9e087f74\junit-jupiter-5.10.0.jar
C:\Users\cbontoiu\.gradle\caches\modules-2\files-2.1\org.junit.jupiter\junit-jupiter-params\5.10.0\9041c7365495a897a64782ea5a6fdb99dab1814e\junit-jupiter-params-5.10.0.jar
C:\Users\cbontoiu\.gradle\caches\modules-2\files-2.1\org.junit.jupiter\junit-jupiter-engine\5.10.0\90587932d718fc51a48112d33045a18476c542ad\junit-jupiter-engine-5.10.0.jar
C:\Users\cbontoiu\.gradle\caches\modules-2\files-2.1\org.junit.jupiter\junit-jupiter-api\5.10.0\2fe4ba3d31d5067878e468c96aa039005a9134d3\junit-jupiter-api-5.10.0.jar
C:\Users\cbontoiu\.gradle\caches\modules-2\files-2.1\org.junit.platform\junit-platform-engine\1.10.0\276c4edcf64fabb5a139fa7b4f99330d7a93b804\junit-platform-engine-1.10.0.jar
C:\Users\cbontoiu\.gradle\caches\modules-2\files-2.1\org.junit.platform\junit-platform-commons\1.10.0\d533ff2c286eaf963566f92baf5f8a06628d2609\junit-platform-commons-1.10.0.jar
C:\Users\cbontoiu\.gradle\caches\modules-2\files-2.1\org.mockito\mockito-core\5.4.0\30bcbe79f7bd51b53debfc4c6014d0bea4935e37\mockito-core-5.4.0.jar
C:\Users\cbontoiu\.gradle\caches\modules-2\files-2.1\net.bytebuddy\byte-buddy\1.14.5\28a424c0c4f362568e904d992c239c996cf7adc7\byte-buddy-1.14.5.jar
C:\Users\cbontoiu\.gradle\caches\modules-2\files-2.1\net.bytebuddy\byte-buddy-agent\1.14.5\20f4e9b9d0ffb953657bfa4b92c0cceb27907d58\byte-buddy-agent-1.14.5.jar
C:\Users\cbontoiu\.gradle\caches\modules-2\files-2.1\org.objenesis\objenesis\3.3\1049c09f1de4331e8193e579448d0916d75b7631\objenesis-3.3.jar
C:\Users\cbontoiu\.gradle\caches\modules-2\files-2.1\org.opentest4j\opentest4j\1.3.0\152ea56b3a72f655d4fd677fc0ef2596c3dd5e6e\opentest4j-1.3.0.jar
23:28:11.058 [INFO]  [Checking] Detected test framework: JUnit Jupiter 5.10.0
23:28:11.065 [INFO]  [Checking] Detected JUnit Jupiter version 5.10.0
23:28:11.072 [INFO]  [Checking] Detected JUnit Jupiter Params version 5.10.0
23:28:11.126 [INFO]  [Checking] Detected Mockito version 5.4.0
23:28:11.612 [INFO]  [Checking] Indexing...
23:28:11.915 [INFO]  [Checking] Selected test output directory: C:\Users\cbontoiu\Desktop\DiffblueTutorials\DemoCLI\app\src\test\java
23:28:11.926 [INFO]  [Checking] Running: Using JAVA_HOME: C:\Program Files\Java\jdk-17 : in C:\Users\cbontoiu\Desktop\DiffblueTutorials\DemoCLI\app : gradle test -i  DummyJupiterDiffblueTest
23:28:13.692 [INFO]  [Checking] Selected test framework: JUnit Jupiter
23:28:13.752 [INFO]  [Checking] Running: Using JAVA_HOME: C:\Program Files\Java\jdk-17 : in C:\Users\cbontoiu\Desktop\DiffblueTutorials\DemoCLI\app : gradle test -i  DummyJUnitJupiterLauncherDiffblueTest
23:28:14.932 [INFO]  [Checking] Detected JVM architecture: 64-Bit
23:28:15.647 [INFO]  [Checking] Selected Java language compliance level: 17
23:28:15.649 [INFO]  [Checking] Selected test validation: enabled
23:28:15.652 [INFO]  [Checking] Prefixes for filtering classes/methods:
23:28:15.654 [INFO]  [Checking] - extra
23:28:15.655 [INFO]  [Checking] Gathering methods to test...
23:28:16.322 [ERROR] [Checking] E004: No methods found to test
Please ensure the project has been built, that any specified entry points
exist, and that the patch (if given) is valid.
See https://diff.blue/E004 to resolve this issue.
23:28:16.334 [INFO]  [Reporting] 
23:28:16.334 [INFO]  [Reporting] Environment summary:
23:28:16.335 [INFO]  [Reporting] --------------------
23:28:16.337 [INFO]  [Reporting] Java version                  17.0.6                        SUCCESS        
23:28:16.338 [INFO]  [Reporting] Build system                  Gradle                        SUCCESS        
23:28:16.338 [INFO]  [Reporting] Mocking Framework             Mockito 5.4.0                 SUCCESS        
23:28:16.338 [INFO]  [Reporting] Testing framework             JUnit Jupiter 5               SUCCESS        
23:28:16.338 [INFO]  [Reporting] Launcher                      JUnit Jupiter                 SUCCESS        
23:28:16.339 [INFO]  [Reporting] Test validation               Enabled                       SUCCESS        
23:28:16.339 [ERROR] [Reporting] Methods to test                                             ERROR          
23:28:16.340 [INFO]  [Reporting] 
23:28:16.340 [ERROR] [Reporting] Environment check status: ERROR
23:28:16.366 [INFO]  [Checking] Log file: C:\Users\cbontoiu\Desktop\DiffblueTutorials\DemoCLI\app\.diffblue\log\user-20230912T232805.log
23:28:16.369 [INFO]  [Reporting] Finished in 9s
