22:24:29.873 [INFO]  [Preparing] Diffblue Cover 2023.08.02-1086ce8-unrestricted
22:24:29.874 [INFO]  [Preparing] 
22:24:29.877 [INFO]  [Preparing] Running: dcover create --working-directory=app --keep-partial-tests
22:24:31.950 [INFO]  [Checking] Detecting environment:
22:24:31.951 [INFO]  [Checking] ----------------------
22:24:32.033 [INFO]  [Checking] Detected Java version 17.0.6
22:24:35.306 [INFO]  [Checking] Detected build system: Gradle 8.2
22:24:35.311 [INFO]  [Checking] Operating System: Windows 11 amd64 10.0
22:24:35.311 [INFO]  [Checking] Default charset: windows-1252
22:24:35.313 [INFO]  [Checking] Default locale: en_GB
22:24:35.313 [INFO]  [Checking] Default time zone: Europe/London
22:24:35.315 [INFO]  [Checking] Selected build system: Gradle
22:24:35.320 [INFO]  [Checking] Selected classpath from build system Gradle
22:24:35.322 [INFO]  [Checking] Expanded classpath: 
C:\Users\cbontoiu\Desktop\DiffblueTutorials\DemoCLI\app\build\classes\java\main (code under test)
C:\Users\cbontoiu\Desktop\DiffblueTutorials\DemoCLI\app\build\resources\test
C:\Users\cbontoiu\Desktop\DiffblueTutorials\DemoCLI\app\build\resources\main
C:\Users\cbontoiu\Desktop\DiffblueTutorials\DemoCLI\common\build\libs\common-1.0-SNAPSHOT.jar
C:\Users\cbontoiu\.gradle\caches\modules-2\files-2.1\org.junit.jupiter\junit-jupiter\5.10.0\8fea1d9c58b2156f1b998f2f18da04bc9e087f74\junit-jupiter-5.10.0.jar
C:\Users\cbontoiu\.gradle\caches\modules-2\files-2.1\org.junit.jupiter\junit-jupiter-params\5.10.0\9041c7365495a897a64782ea5a6fdb99dab1814e\junit-jupiter-params-5.10.0.jar
C:\Users\cbontoiu\.gradle\caches\modules-2\files-2.1\org.junit.jupiter\junit-jupiter-engine\5.10.0\90587932d718fc51a48112d33045a18476c542ad\junit-jupiter-engine-5.10.0.jar
C:\Users\cbontoiu\.gradle\caches\modules-2\files-2.1\org.junit.jupiter\junit-jupiter-api\5.10.0\2fe4ba3d31d5067878e468c96aa039005a9134d3\junit-jupiter-api-5.10.0.jar
C:\Users\cbontoiu\.gradle\caches\modules-2\files-2.1\org.junit.platform\junit-platform-engine\1.10.0\276c4edcf64fabb5a139fa7b4f99330d7a93b804\junit-platform-engine-1.10.0.jar
C:\Users\cbontoiu\.gradle\caches\modules-2\files-2.1\org.junit.platform\junit-platform-commons\1.10.0\d533ff2c286eaf963566f92baf5f8a06628d2609\junit-platform-commons-1.10.0.jar
C:\Users\cbontoiu\.gradle\caches\modules-2\files-2.1\org.mockito\mockito-core\5.5.0\1660ec3ce0af7f713af923817b225a37cc5cf965\mockito-core-5.5.0.jar
C:\Users\cbontoiu\.gradle\caches\modules-2\files-2.1\net.bytebuddy\byte-buddy\1.14.6\316c1b1f3208a9d716c4419ed2080443235f7d1\byte-buddy-1.14.6.jar
C:\Users\cbontoiu\.gradle\caches\modules-2\files-2.1\net.bytebuddy\byte-buddy-agent\1.14.6\46e2545d7a97b6ccb195621650c5957279eb4812\byte-buddy-agent-1.14.6.jar
C:\Users\cbontoiu\.gradle\caches\modules-2\files-2.1\org.objenesis\objenesis\3.3\1049c09f1de4331e8193e579448d0916d75b7631\objenesis-3.3.jar
C:\Users\cbontoiu\.gradle\caches\modules-2\files-2.1\org.opentest4j\opentest4j\1.3.0\152ea56b3a72f655d4fd677fc0ef2596c3dd5e6e\opentest4j-1.3.0.jar
22:24:35.501 [INFO]  [Checking] Detected test framework: JUnit Jupiter 5.10.0
22:24:35.506 [INFO]  [Checking] Detected JUnit Jupiter version 5.10.0
22:24:35.511 [INFO]  [Checking] Detected JUnit Jupiter Params version 5.10.0
22:24:35.559 [INFO]  [Checking] Detected Mockito version 5.5.0
22:24:35.586 [INFO]  [Checking] Indexing...
22:24:35.921 [INFO]  [Checking] Selected test output directory: C:\Users\cbontoiu\Desktop\DiffblueTutorials\DemoCLI\app\src\test\java
22:24:35.930 [INFO]  [Checking] Running: Using JAVA_HOME: C:\Program Files\Java\jdk-17 : in C:\Users\cbontoiu\Desktop\DiffblueTutorials\DemoCLI\app : gradle test -i  DummyJupiterDiffblueTest
22:24:42.349 [INFO]  [Checking] Selected test framework: JUnit Jupiter
22:24:42.400 [INFO]  [Checking] Running: Using JAVA_HOME: C:\Program Files\Java\jdk-17 : in C:\Users\cbontoiu\Desktop\DiffblueTutorials\DemoCLI\app : gradle test -i  DummyJUnitJupiterLauncherDiffblueTest
22:24:43.726 [INFO]  [Checking] Detected JVM architecture: 64-Bit
22:24:44.519 [INFO]  [Checking] Selected Java language compliance level: 17
22:24:44.520 [INFO]  [Checking] Selected test validation: enabled
22:24:44.545 [INFO]  [Checking] Prefixes for filtering classes/methods:
22:24:44.554 [INFO]  [Checking] - org.action
22:24:44.555 [INFO]  [Checking] - org.base
22:24:44.556 [INFO]  [Checking] - org.features
22:24:44.556 [INFO]  [Checking] Gathering methods to test...
22:24:45.419 [ERROR] [Checking] E053: Unsupported dependency
Unable to mock method inputs because a supported version of Mockito is not present on the classpath.
Mockito was found at unsupported version 5.5.0.
Please downgrade it to the following version:
  testImplementation("org.mockito:mockito-core:5.4.0")
22:24:45.428 [INFO]  [Reporting] 
22:24:45.428 [INFO]  [Reporting] Environment summary:
22:24:45.428 [INFO]  [Reporting] --------------------
22:24:45.430 [INFO]  [Reporting] Java version                  17.0.6                        SUCCESS        
22:24:45.430 [INFO]  [Reporting] Build system                  Gradle                        SUCCESS        
22:24:45.430 [ERROR] [Reporting] Mocking Framework             Mockito 5.5.0                 ERROR          
22:24:45.430 [INFO]  [Reporting] Testing framework             JUnit Jupiter 5               SUCCESS        
22:24:45.431 [INFO]  [Reporting] Launcher                      JUnit Jupiter                 SUCCESS        
22:24:45.431 [INFO]  [Reporting] Test validation               Enabled                       SUCCESS        
22:24:45.431 [INFO]  [Reporting] 
22:24:45.431 [ERROR] [Reporting] Environment check status: ERROR
22:24:45.446 [INFO]  [Checking] Log file: C:\Users\cbontoiu\Desktop\DiffblueTutorials\DemoCLI\app\.diffblue\log\user-20230912T222429.log
22:24:45.447 [INFO]  [Reporting] Finished in 15s
