22:44:12.078 [DEBUG] [Preparing][main][c.d.cover.ui.a.u] Client heap size: 4028 MB
22:44:12.088 [INFO]  [Preparing][main][c.d.cover.ui.a.u] Diffblue Cover 2023.09.01-9200f07-unrestricted
22:44:12.089 [INFO]  [Preparing][main][c.d.cover.ui.a.u] 
22:44:12.090 [INFO]  [Preparing][main][c.d.cover.ui.a.u] Running: dcover create --working-directory=extra source --keep-partial-tests --patch-only changes.patch
22:44:14.030 [INFO]  [Checking][main][c.d.cover.ui.a.j] Detecting environment:
22:44:14.031 [INFO]  [Checking][main][c.d.cover.ui.a.j] ----------------------
22:44:14.110 [INFO]  [Checking][main][c.d.cover.ui.a.j] Detected Java version 17.0.6
22:44:15.511 [DEBUG] [Checking][main][c.d.d.g.a] Querying Gradle project info using --init-script C:\Users\cbontoiu\AppData\Local\Temp\diffblueGradleInit13380802687001821684.gradle and plugin C:\Users\cbontoiu\AppData\Local\Temp\diffblueGradlePlugin4147224218033802941.jar
22:44:15.515 [DEBUG] [Checking][gradle][c.d.d.g.a] cmd: gradle --init-script C:\Users\cbontoiu\AppData\Local\Temp\diffblueGradleInit13380802687001821684.gradle --info (equivalent via API)
22:44:15.644 [DEBUG] [Checking][gradle][c.d.d.g.a] out: The client will now receive all logging from the daemon (pid: 7668). The daemon log file: C:\Users\cbontoiu\.gradle\daemon\8.2\daemon-7668.out.log
22:44:15.644 [DEBUG] [Checking][gradle][c.d.d.g.a] out: Starting 38th build in daemon [uptime: 1 hrs 55 mins 45.155 secs, performance: 99%, GC rate: 0.00/s, heap usage: 0% of 512 MiB, non-heap usage: 21% of 384 MiB]
22:44:15.644 [DEBUG] [Checking][gradle][c.d.d.g.a] out: Closing daemon's stdin at end of input.
22:44:15.644 [DEBUG] [Checking][gradle][c.d.d.g.a] out: The daemon will no longer process any standard input.
22:44:15.644 [DEBUG] [Checking][gradle][c.d.d.g.a] out: Using 8 worker leases.
22:44:15.644 [DEBUG] [Checking][gradle][c.d.d.g.a] out: Now considering [C:\Users\cbontoiu\Desktop\DiffblueTutorials\DemoCLI] as hierarchies to watch
22:44:15.644 [DEBUG] [Checking][gradle][c.d.d.g.a] out: Watching the file system is configured to be enabled if available
22:44:15.644 [DEBUG] [Checking][gradle][c.d.d.g.a] out: File system watching is active
22:44:15.644 [DEBUG] [Checking][gradle][c.d.d.g.a] out: Compiling initialization script 'C:\Users\cbontoiu\AppData\Local\Temp\diffblueGradleInit13380802687001821684.gradle' using SubsetScriptTransformer.
22:44:15.645 [DEBUG] [Checking][gradle][c.d.d.g.a] out: Invalidating in-memory cache of C:\Users\cbontoiu\.gradle\caches\8.2\fileHashes\fileHashes.bin
22:44:15.645 [DEBUG] [Checking][gradle][c.d.d.g.a] out: Invalidating in-memory cache of C:\Users\cbontoiu\.gradle\caches\8.2\fileHashes\resourceHashesCache.bin
22:44:15.645 [DEBUG] [Checking][gradle][c.d.d.g.a] out: Invalidating in-memory cache of C:\Users\cbontoiu\.gradle\caches\journal-1\file-access.bin
22:44:15.735 [DEBUG] [Checking][gradle][c.d.d.g.a] out: The configuration classpath is both resolvable and consumable. This is considered a legacy configuration and it will eventually only be possible to be one of these.
22:44:15.735 [DEBUG] [Checking][gradle][c.d.d.g.a] out: The configuration classpath is both consumable and declarable. This combination is incorrect, only one of these flags should be set.
22:44:15.735 [DEBUG] [Checking][gradle][c.d.d.g.a] out: The configuration classpath is both resolvable and consumable. This is considered a legacy configuration and it will eventually only be possible to be one of these.
22:44:15.735 [DEBUG] [Checking][gradle][c.d.d.g.a] out: The configuration classpath is both consumable and declarable. This combination is incorrect, only one of these flags should be set.
22:44:15.735 [DEBUG] [Checking][gradle][c.d.d.g.a] out: Compiling initialization script 'C:\Users\cbontoiu\AppData\Local\Temp\diffblueGradleInit13380802687001821684.gradle' using BuildScriptTransformer.
22:44:16.034 [DEBUG] [Checking][gradle][c.d.d.g.a] out: Starting Build
22:44:16.034 [DEBUG] [Checking][gradle][c.d.d.g.a] out: Settings evaluated using settings file 'C:\Users\cbontoiu\Desktop\DiffblueTutorials\DemoCLI\settings.gradle'.
22:44:16.035 [DEBUG] [Checking][gradle][c.d.d.g.a] out: Projects loaded. Root project using build file 'C:\Users\cbontoiu\Desktop\DiffblueTutorials\DemoCLI\build.gradle'.
22:44:16.035 [DEBUG] [Checking][gradle][c.d.d.g.a] out: Included projects: [root project 'DemoCLI', project ':app', project ':common', project ':extra']
22:44:16.035 [DEBUG] [Checking][gradle][c.d.d.g.a] out: 
22:44:16.035 [DEBUG] [Checking][gradle][c.d.d.g.a] out: > Configure project :
22:44:16.035 [DEBUG] [Checking][gradle][c.d.d.g.a] out: Evaluating root project 'DemoCLI' using build file 'C:\Users\cbontoiu\Desktop\DiffblueTutorials\DemoCLI\build.gradle'.
22:44:16.035 [DEBUG] [Checking][gradle][c.d.d.g.a] out: 
22:44:16.035 [DEBUG] [Checking][gradle][c.d.d.g.a] out: > Configure project :app
22:44:16.035 [DEBUG] [Checking][gradle][c.d.d.g.a] out: Evaluating project ':app' using build file 'C:\Users\cbontoiu\Desktop\DiffblueTutorials\DemoCLI\app\build.gradle'.
22:44:16.035 [DEBUG] [Checking][gradle][c.d.d.g.a] out: Configuring Jacoco Plugin for use with Diffblue Cover
22:44:16.035 [DEBUG] [Checking][gradle][c.d.d.g.a] out: Configuring task :app:test for use with Diffblue Cover
22:44:16.035 [DEBUG] [Checking][gradle][c.d.d.g.a] out: ignoreFailures: false
22:44:16.035 [DEBUG] [Checking][gradle][c.d.d.g.a] out: excludes: []
22:44:16.035 [DEBUG] [Checking][gradle][c.d.d.g.a] out: includes: []
22:44:16.035 [DEBUG] [Checking][gradle][c.d.d.g.a] out: Configuring task :app:jacocoTestReport for use with Diffblue Cover
22:44:16.035 [DEBUG] [Checking][gradle][c.d.d.g.a] out: Configuring task :app:jacocoTestReportDeletePrevious for use with Diffblue Cover
22:44:16.035 [DEBUG] [Checking][gradle][c.d.d.g.a] out: Configuring task :app:jacocoTestReportPrepareEmptyExec for use with Diffblue Cover
22:44:16.036 [DEBUG] [Checking][gradle][c.d.d.g.a] out: 
22:44:16.036 [DEBUG] [Checking][gradle][c.d.d.g.a] out: > Configure project :common
22:44:16.036 [DEBUG] [Checking][gradle][c.d.d.g.a] out: Evaluating project ':common' using build file 'C:\Users\cbontoiu\Desktop\DiffblueTutorials\DemoCLI\common\build.gradle'.
22:44:16.036 [DEBUG] [Checking][gradle][c.d.d.g.a] out: Configuring Jacoco Plugin for use with Diffblue Cover
22:44:16.036 [DEBUG] [Checking][gradle][c.d.d.g.a] out: Configuring task :common:test for use with Diffblue Cover
22:44:16.036 [DEBUG] [Checking][gradle][c.d.d.g.a] out: ignoreFailures: false
22:44:16.036 [DEBUG] [Checking][gradle][c.d.d.g.a] out: excludes: []
22:44:16.036 [DEBUG] [Checking][gradle][c.d.d.g.a] out: includes: []
22:44:16.036 [DEBUG] [Checking][gradle][c.d.d.g.a] out: Configuring task :common:jacocoTestReport for use with Diffblue Cover
22:44:16.036 [DEBUG] [Checking][gradle][c.d.d.g.a] out: Configuring task :common:jacocoTestReportDeletePrevious for use with Diffblue Cover
22:44:16.036 [DEBUG] [Checking][gradle][c.d.d.g.a] out: Configuring task :common:jacocoTestReportPrepareEmptyExec for use with Diffblue Cover
22:44:16.036 [DEBUG] [Checking][gradle][c.d.d.g.a] out: 
22:44:16.036 [DEBUG] [Checking][gradle][c.d.d.g.a] out: > Configure project :extra
22:44:16.036 [DEBUG] [Checking][gradle][c.d.d.g.a] out: Evaluating project ':extra' using build file 'C:\Users\cbontoiu\Desktop\DiffblueTutorials\DemoCLI\extra\build.gradle'.
22:44:16.036 [DEBUG] [Checking][gradle][c.d.d.g.a] out: Configuring Jacoco Plugin for use with Diffblue Cover
22:44:16.036 [DEBUG] [Checking][gradle][c.d.d.g.a] out: Configuring task :extra:test for use with Diffblue Cover
22:44:16.036 [DEBUG] [Checking][gradle][c.d.d.g.a] out: ignoreFailures: false
22:44:16.036 [DEBUG] [Checking][gradle][c.d.d.g.a] out: excludes: []
22:44:16.036 [DEBUG] [Checking][gradle][c.d.d.g.a] out: includes: []
22:44:16.036 [DEBUG] [Checking][gradle][c.d.d.g.a] out: Configuring task :extra:jacocoTestReport for use with Diffblue Cover
22:44:16.036 [DEBUG] [Checking][gradle][c.d.d.g.a] out: Configuring task :extra:jacocoTestReportDeletePrevious for use with Diffblue Cover
22:44:16.036 [DEBUG] [Checking][gradle][c.d.d.g.a] out: Configuring task :extra:jacocoTestReportPrepareEmptyExec for use with Diffblue Cover
22:44:16.036 [DEBUG] [Checking][gradle][c.d.d.g.a] out: All projects evaluated.
22:44:16.036 [DEBUG] [Checking][gradle][c.d.d.g.a] out: The configuration :extra:coverageDataElementsForTest is both consumable and declarable. This combination is incorrect, only one of these flags should be set.
22:44:16.036 [DEBUG] [Checking][gradle][c.d.d.g.a] out: The configuration :extra:mainSourceElements is both consumable and declarable. This combination is incorrect, only one of these flags should be set.
22:44:16.098 [DEBUG] [Checking][gradle][c.d.d.g.a] out: 
22:44:16.098 [DEBUG] [Checking][gradle][c.d.d.g.a] out: CONFIGURE SUCCESSFUL in 529ms
22:44:16.099 [DEBUG] [Checking][gradle][c.d.d.g.a] out: Watched directory hierarchies: [C:\Users\cbontoiu\Desktop\DiffblueTutorials\DemoCLI]
22:44:16.475 [INFO]  [Checking][main][c.d.cover.ui.a.j] Detected build system: Gradle 8.2
22:44:16.478 [INFO]  [Checking][main][c.d.cover.n.a.ai] Operating System: Windows 11 amd64 10.0
22:44:16.480 [INFO]  [Checking][main][c.d.cover.n.a.ai] Default charset: windows-1252
22:44:16.480 [INFO]  [Checking][main][c.d.cover.n.a.ai] Default locale: en_GB
22:44:16.480 [INFO]  [Checking][main][c.d.cover.n.a.ai] Default time zone: Europe/London
22:44:16.484 [INFO]  [Checking][main][c.d.cover.ui.a.j] Selected build system: Gradle
22:44:16.487 [INFO]  [Checking][main][c.d.cover.ui.a.j] Selected classpath from build system Gradle
22:44:16.489 [INFO]  [Checking][main][c.d.cover.n.c.b] Expanded classpath: 
C:\Users\cbontoiu\Desktop\DiffblueTutorials\DemoCLI\extra\build\classes\java\test
C:\Users\cbontoiu\Desktop\DiffblueTutorials\DemoCLI\extra\build\classes\java\main (code under test)
C:\Users\cbontoiu\Desktop\DiffblueTutorials\DemoCLI\extra\build\resources\test
C:\Users\cbontoiu\Desktop\DiffblueTutorials\DemoCLI\extra\build\resources\main
C:\Users\cbontoiu\.gradle\caches\modules-2\files-2.1\org.junit.jupiter\junit-jupiter\5.9.1\9274d3757e224bc02eae367bd481062a263c150b\junit-jupiter-5.9.1.jar
C:\Users\cbontoiu\.gradle\caches\modules-2\files-2.1\org.junit.jupiter\junit-jupiter-params\5.9.1\ffcd1013edaeee112be11fcddeb38882d79238de\junit-jupiter-params-5.9.1.jar
C:\Users\cbontoiu\.gradle\caches\modules-2\files-2.1\org.junit.jupiter\junit-jupiter-engine\5.9.1\1bf771097bde296c3ab174861954e8aafaaf2e94\junit-jupiter-engine-5.9.1.jar
C:\Users\cbontoiu\.gradle\caches\modules-2\files-2.1\org.junit.jupiter\junit-jupiter-api\5.9.1\7bb53fbc0173e9f6a9d21d58297af94b1f2f9ce1\junit-jupiter-api-5.9.1.jar
C:\Users\cbontoiu\.gradle\caches\modules-2\files-2.1\org.junit.platform\junit-platform-engine\1.9.1\83591e5089d6cea5f324aa3ecca9b19d5a275803\junit-platform-engine-1.9.1.jar
C:\Users\cbontoiu\.gradle\caches\modules-2\files-2.1\org.junit.platform\junit-platform-commons\1.9.1\3145f821b5cd10abcdc5f925baa5fffa6f1b628f\junit-platform-commons-1.9.1.jar
C:\Users\cbontoiu\.gradle\caches\modules-2\files-2.1\org.mockito\mockito-core\5.4.0\30bcbe79f7bd51b53debfc4c6014d0bea4935e37\mockito-core-5.4.0.jar
C:\Users\cbontoiu\.gradle\caches\modules-2\files-2.1\net.bytebuddy\byte-buddy\1.14.5\28a424c0c4f362568e904d992c239c996cf7adc7\byte-buddy-1.14.5.jar
C:\Users\cbontoiu\.gradle\caches\modules-2\files-2.1\net.bytebuddy\byte-buddy-agent\1.14.5\20f4e9b9d0ffb953657bfa4b92c0cceb27907d58\byte-buddy-agent-1.14.5.jar
C:\Users\cbontoiu\.gradle\caches\modules-2\files-2.1\org.objenesis\objenesis\3.3\1049c09f1de4331e8193e579448d0916d75b7631\objenesis-3.3.jar
C:\Users\cbontoiu\.gradle\caches\modules-2\files-2.1\org.opentest4j\opentest4j\1.2.0\28c11eb91f9b6d8e200631d46e20a7f407f2a046\opentest4j-1.2.0.jar
22:44:16.618 [INFO]  [Checking][main][c.d.cover.ui.a.j] Detected test framework: JUnit Jupiter 5.9.1
22:44:16.625 [INFO]  [Checking][main][c.d.cover.ui.a.j] Detected JUnit Jupiter version 5.9.1
22:44:16.630 [INFO]  [Checking][main][c.d.cover.ui.a.j] Detected JUnit Jupiter Params version 5.9.1
22:44:16.660 [INFO]  [Checking][main][c.d.cover.ui.a.j] Detected Mockito version 5.4.0
22:44:17.154 [INFO]  [Checking][main][c.d.cover.ui.a.j] Indexing...
22:44:17.469 [INFO]  [Checking][main][c.d.cover.ui.a.j] Selected test output directory: C:\Users\cbontoiu\Desktop\DiffblueTutorials\DemoCLI\extra\src\test\java
22:44:17.476 [INFO]  [Checking][main][c.d.d.g.b] Running: Using JAVA_HOME: C:\Program Files\Java\jdk-17 : in C:\Users\cbontoiu\Desktop\DiffblueTutorials\DemoCLI\extra : gradle test -i  DummyJupiterDiffblueTest
22:44:18.834 [DEBUG] [Checking][main][c.d.cover.n.c.m] JUnitJupiter5 is present
22:44:18.834 [DEBUG] [Checking][main][c.d.cover.n.c.m] JUnitJupiter5 is supported
22:44:18.834 [DEBUG] [Checking][main][c.d.cover.n.c.m] JUnit 5 is present and either it's not been specified by the user or it is the same as the version the user specified
22:44:18.835 [INFO]  [Checking][main][c.d.cover.ui.a.j] Selected test framework: JUnit Jupiter
22:44:18.868 [INFO]  [Checking][main][c.d.d.g.b] Running: Using JAVA_HOME: C:\Program Files\Java\jdk-17 : in C:\Users\cbontoiu\Desktop\DiffblueTutorials\DemoCLI\extra : gradle test -i  DummyJUnitJupiterLauncherDiffblueTest
22:44:19.969 [INFO]  [Checking][main][c.d.cover.ui.a.j] Detected JVM architecture: 64-Bit
22:44:20.590 [INFO]  [Checking][main][c.d.cover.ui.a.j] Using patch file: C:\Users\cbontoiu\Desktop\DiffblueTutorials\DemoCLI\extra\changes.patch
22:44:20.593 [INFO]  [Checking][main][c.d.cover.ui.a.j] Selected Java language compliance level: 17
22:44:20.594 [INFO]  [Checking][main][c.d.cover.ui.a.j] Selected test validation: enabled
22:44:20.598 [INFO]  [Checking][main][c.d.cover.ui.a.j] Prefixes for filtering classes/methods:
22:44:20.599 [INFO]  [Checking][main][c.d.cover.ui.a.j] - source
22:44:20.600 [INFO]  [Checking][main][c.d.cover.ui.a.j] Gathering methods to test...
22:44:20.609 [ERROR] [Checking][main][c.d.cover.ui.a.j] E080: Invalid patch file
Diffblue Cover was unable to read the given patch file
'C:\Users\cbontoiu\Desktop\DiffblueTutorials\DemoCLI\extra\changes.patch'
Cause: No such file or directory
22:44:20.618 [INFO]  [Reporting][main][c.d.cover.ui.a.j] 
22:44:20.619 [INFO]  [Reporting][main][c.d.cover.ui.a.j] Environment summary:
22:44:20.619 [INFO]  [Reporting][main][c.d.cover.ui.a.j] --------------------
22:44:20.622 [INFO]  [Reporting][main][c.d.cover.ui.a.j] Java version                  17.0.6                        SUCCESS        
22:44:20.622 [INFO]  [Reporting][main][c.d.cover.ui.a.j] Build system                  Gradle                        SUCCESS        
22:44:20.622 [INFO]  [Reporting][main][c.d.cover.ui.a.j] Mocking Framework             Mockito 5.4.0                 SUCCESS        
22:44:20.622 [DEBUG] [Reporting][main][c.d.cover.ui.a.j] Surefire version              Skipped                       -----          
22:44:20.622 [INFO]  [Reporting][main][c.d.cover.ui.a.j] Testing framework             JUnit Jupiter 5               SUCCESS        
22:44:20.622 [DEBUG] [Reporting][main][c.d.cover.ui.a.j] JavaEE version                Skipped                       -----          
22:44:20.622 [DEBUG] [Reporting][main][c.d.cover.ui.a.j] JaCoCo plugin version         Skipped                       -----          
22:44:20.622 [INFO]  [Reporting][main][c.d.cover.ui.a.j] Launcher                      JUnit Jupiter                 SUCCESS        
22:44:20.622 [INFO]  [Reporting][main][c.d.cover.ui.a.j] Test validation               Enabled                       SUCCESS        
22:44:20.622 [DEBUG] [Reporting][main][c.d.cover.ui.a.j] Hamcrest                      Not Detected                  -----          
22:44:20.622 [DEBUG] [Reporting][main][c.d.cover.ui.a.j] Spring Core                   Not Detected                  -----          
22:44:20.622 [DEBUG] [Reporting][main][c.d.cover.ui.a.j] Spring Boot                   Skipped                       -----          
22:44:20.622 [DEBUG] [Reporting][main][c.d.cover.ui.a.j] Spring Boot Test              Skipped                       -----          
22:44:20.622 [DEBUG] [Reporting][main][c.d.cover.ui.a.j] Spring Web                    Skipped                       -----          
22:44:20.622 [DEBUG] [Reporting][main][c.d.cover.ui.a.j] Spring Security Web           Skipped                       -----          
22:44:20.623 [DEBUG] [Reporting][main][c.d.cover.ui.a.j] Spring Test                   Skipped                       -----          
22:44:20.623 [ERROR] [Reporting][main][c.d.cover.ui.a.j] Methods to test                                             ERROR          
22:44:20.623 [INFO]  [Reporting][main][c.d.cover.ui.a.j] 
22:44:20.623 [ERROR] [Reporting][main][c.d.cover.ui.a.j] Environment check status: ERROR
22:44:20.642 [INFO]  [Checking][main][c.d.cover.ui.a.b] Log file: C:\Users\cbontoiu\Desktop\DiffblueTutorials\DemoCLI\extra\.diffblue\log\user-20230917T224411.log
22:44:20.643 [INFO]  [Reporting][main][c.d.cover.ui.a.u] Finished in 8s
