20:48:51.440 [INFO]  [Preparing] Diffblue Cover 2023.09.01-9200f07-unrestricted
20:48:51.441 [INFO]  [Preparing] 
20:48:51.442 [INFO]  [Preparing] Running: dcover create --working-directory=extra source --keep-partial-tests
20:48:53.389 [INFO]  [Checking] Detecting environment:
20:48:53.390 [INFO]  [Checking] ----------------------
20:48:53.469 [INFO]  [Checking] Detected Java version 17.0.6
20:48:56.523 [INFO]  [Checking] Detected build system: Gradle 8.2
20:48:56.528 [INFO]  [Checking] Operating System: Windows 11 amd64 10.0
20:48:56.528 [INFO]  [Checking] Default charset: windows-1252
20:48:56.530 [INFO]  [Checking] Default locale: en_GB
20:48:56.530 [INFO]  [Checking] Default time zone: Europe/London
20:48:56.532 [INFO]  [Checking] Selected build system: Gradle
20:48:56.536 [INFO]  [Checking] Selected classpath from build system Gradle
20:48:56.537 [INFO]  [Checking] Expanded classpath: 
C:\Users\cbontoiu\Desktop\DiffblueTutorials\DemoCLI\extra\build\classes\java\main (code under test)
C:\Users\cbontoiu\Desktop\DiffblueTutorials\DemoCLI\extra\build\resources\test
C:\Users\cbontoiu\Desktop\DiffblueTutorials\DemoCLI\extra\build\resources\main
C:\Users\cbontoiu\.gradle\caches\modules-2\files-2.1\org.junit.jupiter\junit-jupiter\5.9.1\9274d3757e224bc02eae367bd481062a263c150b\junit-jupiter-5.9.1.jar
C:\Users\cbontoiu\.gradle\caches\modules-2\files-2.1\org.junit.jupiter\junit-jupiter-params\5.9.1\ffcd1013edaeee112be11fcddeb38882d79238de\junit-jupiter-params-5.9.1.jar
C:\Users\cbontoiu\.gradle\caches\modules-2\files-2.1\org.junit.jupiter\junit-jupiter-engine\5.9.1\1bf771097bde296c3ab174861954e8aafaaf2e94\junit-jupiter-engine-5.9.1.jar
C:\Users\cbontoiu\.gradle\caches\modules-2\files-2.1\org.junit.jupiter\junit-jupiter-api\5.9.1\7bb53fbc0173e9f6a9d21d58297af94b1f2f9ce1\junit-jupiter-api-5.9.1.jar
C:\Users\cbontoiu\.gradle\caches\modules-2\files-2.1\org.junit.platform\junit-platform-engine\1.9.1\83591e5089d6cea5f324aa3ecca9b19d5a275803\junit-platform-engine-1.9.1.jar
C:\Users\cbontoiu\.gradle\caches\modules-2\files-2.1\org.junit.platform\junit-platform-commons\1.9.1\3145f821b5cd10abcdc5f925baa5fffa6f1b628f\junit-platform-commons-1.9.1.jar
C:\Users\cbontoiu\.gradle\caches\modules-2\files-2.1\org.mockito\mockito-core\5.4.0\30bcbe79f7bd51b53debfc4c6014d0bea4935e37\mockito-core-5.4.0.jar
C:\Users\cbontoiu\.gradle\caches\modules-2\files-2.1\net.bytebuddy\byte-buddy\1.14.5\28a424c0c4f362568e904d992c239c996cf7adc7\byte-buddy-1.14.5.jar
C:\Users\cbontoiu\.gradle\caches\modules-2\files-2.1\net.bytebuddy\byte-buddy-agent\1.14.5\20f4e9b9d0ffb953657bfa4b92c0cceb27907d58\byte-buddy-agent-1.14.5.jar
C:\Users\cbontoiu\.gradle\caches\modules-2\files-2.1\org.objenesis\objenesis\3.3\1049c09f1de4331e8193e579448d0916d75b7631\objenesis-3.3.jar
C:\Users\cbontoiu\.gradle\caches\modules-2\files-2.1\org.opentest4j\opentest4j\1.2.0\28c11eb91f9b6d8e200631d46e20a7f407f2a046\opentest4j-1.2.0.jar
20:48:56.668 [INFO]  [Checking] Detected test framework: JUnit Jupiter 5.9.1
20:48:56.674 [INFO]  [Checking] Detected JUnit Jupiter version 5.9.1
20:48:56.678 [INFO]  [Checking] Detected JUnit Jupiter Params version 5.9.1
20:48:56.710 [INFO]  [Checking] Detected Mockito version 5.4.0
20:48:57.148 [INFO]  [Checking] Indexing...
20:48:57.506 [INFO]  [Checking] Selected test output directory: C:\Users\cbontoiu\Desktop\DiffblueTutorials\DemoCLI\extra\src\test\java
20:48:57.515 [INFO]  [Checking] Running: Using JAVA_HOME: C:\Program Files\Java\jdk-17 : in C:\Users\cbontoiu\Desktop\DiffblueTutorials\DemoCLI\extra : gradle test -i  DummyJupiterDiffblueTest
20:49:03.352 [INFO]  [Checking] Standard output of build tool (Gradle)
20:49:03.353 [INFO]  [Checking] > The client will now receive all logging from the daemon (pid: 7736). The daemon log file: C:\Users\cbontoiu\.gradle\daemon\8.2\daemon-7736.out.log
20:49:03.353 [INFO]  [Checking] > Starting build in new daemon [memory: 3.9 GiB]
20:49:03.353 [INFO]  [Checking] > Closing daemon's stdin at end of input.
20:49:03.353 [INFO]  [Checking] > The daemon will no longer process any standard input.
20:49:03.354 [INFO]  [Checking] > Using 8 worker leases.
20:49:03.354 [INFO]  [Checking] > Received JVM installation metadata from 'C:\Program Files\Java\jdk-17': {JAVA_HOME=C:\Program Files\Java\jdk-17, JAVA_VERSION=17.0.6, JAVA_VENDOR=Oracle Corporation, RUNTIME_NAME=Java(TM) SE Runtime Environment, RUNTIME_VERSION=17.0.6+9-LTS-190, VM_NAME=Java HotSpot(TM) 64-Bit Server VM, VM_VERSION=17.0.6+9-LTS-190, VM_VENDOR=Oracle Corporation, OS_ARCH=amd64}
20:49:03.354 [INFO]  [Checking] > Watching the file system is configured to be enabled if available
20:49:03.354 [INFO]  [Checking] > Now considering [C:\Users\cbontoiu\Desktop\DiffblueTutorials\DemoCLI] as hierarchies to watch
20:49:03.354 [INFO]  [Checking] > File system watching is active
20:49:03.354 [INFO]  [Checking] > Starting Build
20:49:03.354 [INFO]  [Checking] > Settings evaluated using settings file 'C:\Users\cbontoiu\Desktop\DiffblueTutorials\DemoCLI\settings.gradle'.
20:49:03.354 [INFO]  [Checking] > Projects loaded. Root project using build file 'C:\Users\cbontoiu\Desktop\DiffblueTutorials\DemoCLI\build.gradle'.
20:49:03.354 [INFO]  [Checking] > Included projects: [root project 'DemoCLI', project ':app', project ':common', project ':extra']
20:49:03.354 [INFO]  [Checking] > 
20:49:03.354 [INFO]  [Checking] > > Configure project :
20:49:03.354 [INFO]  [Checking] > Evaluating root project 'DemoCLI' using build file 'C:\Users\cbontoiu\Desktop\DiffblueTutorials\DemoCLI\build.gradle'.
20:49:03.354 [INFO]  [Checking] > 
20:49:03.354 [INFO]  [Checking] > > Configure project :app
20:49:03.355 [INFO]  [Checking] > Evaluating project ':app' using build file 'C:\Users\cbontoiu\Desktop\DiffblueTutorials\DemoCLI\app\build.gradle'.
20:49:03.355 [INFO]  [Checking] > 
20:49:03.355 [INFO]  [Checking] > > Configure project :common
20:49:03.355 [INFO]  [Checking] > Evaluating project ':common' using build file 'C:\Users\cbontoiu\Desktop\DiffblueTutorials\DemoCLI\common\build.gradle'.
20:49:03.355 [INFO]  [Checking] > 
20:49:03.355 [INFO]  [Checking] > > Configure project :extra
20:49:03.355 [INFO]  [Checking] > Evaluating project ':extra' using build file 'C:\Users\cbontoiu\Desktop\DiffblueTutorials\DemoCLI\extra\build.gradle'.
20:49:03.355 [INFO]  [Checking] > All projects evaluated.
20:49:03.355 [INFO]  [Checking] > The configuration :app:mainSourceElements is both consumable and declarable. This combination is incorrect, only one of these flags should be set.
20:49:03.355 [INFO]  [Checking] > The configuration :common:coverageDataElementsForTest is both consumable and declarable. This combination is incorrect, only one of these flags should be set.
20:49:03.355 [INFO]  [Checking] > The configuration :common:mainSourceElements is both consumable and declarable. This combination is incorrect, only one of these flags should be set.
20:49:03.355 [INFO]  [Checking] > The configuration :extra:mainSourceElements is both consumable and declarable. This combination is incorrect, only one of these flags should be set.
20:49:03.355 [INFO]  [Checking] > Tasks to be executed: [task ':common:compileJava', task ':common:processResources', task ':common:classes', task ':common:jar', task ':app:compileJava', task ':app:processResources', task ':app:classes', task ':app:compileTestJava', task ':app:processTestResources', task ':app:testClasses', task ':app:test', task ':common:compileTestJava', task ':common:processTestResources', task ':common:testClasses', task ':common:test', task ':extra:compileJava', task ':extra:processResources', task ':extra:classes', task ':extra:compileTestJava', task ':extra:processTestResources', task ':extra:testClasses', task ':extra:test']
20:49:03.355 [INFO]  [Checking] > Tasks that were excluded: []
20:49:03.355 [INFO]  [Checking] > Resolve mutations for :common:compileJava (Thread[Execution worker,5,main]) started.
20:49:03.355 [INFO]  [Checking] > destroyer locations for task group 0 (Thread[Execution worker Thread 7,5,main]) started.
20:49:03.355 [INFO]  [Checking] > destroyer locations for task group 1 (Thread[Execution worker Thread 7,5,main]) started.
20:49:03.355 [INFO]  [Checking] > :common:compileJava (Thread[Execution worker,5,main]) started.
20:49:03.355 [INFO]  [Checking] > 
20:49:03.356 [INFO]  [Checking] > > Task :common:compileJava UP-TO-DATE
20:49:03.356 [INFO]  [Checking] > Watching 1 directory hierarchies to track changes
20:49:03.356 [INFO]  [Checking] > Caching disabled for task ':common:compileJava' because:
20:49:03.356 [INFO]  [Checking] >   Build cache is disabled
20:49:03.356 [INFO]  [Checking] > Skipping task ':common:compileJava' as it is up-to-date.
20:49:03.356 [INFO]  [Checking] > Resolve mutations for :common:processResources (Thread[Execution worker,5,main]) started.
20:49:03.356 [INFO]  [Checking] > :common:processResources (Thread[Execution worker,5,main]) started.
20:49:03.356 [INFO]  [Checking] > 
20:49:03.356 [INFO]  [Checking] > > Task :common:processResources NO-SOURCE
20:49:03.356 [INFO]  [Checking] > Skipping task ':common:processResources' as it has no source files and no previous output files.
20:49:03.356 [INFO]  [Checking] > Resolve mutations for :common:classes (Thread[Execution worker,5,main]) started.
20:49:03.356 [INFO]  [Checking] > :common:classes (Thread[Execution worker Thread 3,5,main]) started.
20:49:03.356 [INFO]  [Checking] > 
20:49:03.356 [INFO]  [Checking] > > Task :common:classes UP-TO-DATE
20:49:03.356 [INFO]  [Checking] > Skipping task ':common:classes' as it has no actions.
20:49:03.356 [INFO]  [Checking] > Resolve mutations for :common:jar (Thread[Execution worker Thread 3,5,main]) started.
20:49:03.356 [INFO]  [Checking] > :common:jar (Thread[Execution worker Thread 3,5,main]) started.
20:49:03.356 [INFO]  [Checking] > 
20:49:03.356 [INFO]  [Checking] > > Task :common:jar UP-TO-DATE
20:49:03.356 [INFO]  [Checking] > Caching disabled for task ':common:jar' because:
20:49:03.356 [INFO]  [Checking] >   Build cache is disabled
20:49:03.356 [INFO]  [Checking] > Skipping task ':common:jar' as it is up-to-date.
20:49:03.357 [INFO]  [Checking] > work action resolve common.jar (project :common) (Thread[Execution worker Thread 3,5,main]) started.
20:49:03.357 [INFO]  [Checking] > Resolve mutations for :app:compileJava (Thread[Execution worker Thread 3,5,main]) started.
20:49:03.357 [INFO]  [Checking] > :app:compileJava (Thread[Execution worker Thread 3,5,main]) started.
20:49:03.357 [INFO]  [Checking] > 
20:49:03.357 [INFO]  [Checking] > > Task :app:compileJava UP-TO-DATE
20:49:03.357 [INFO]  [Checking] > Caching disabled for task ':app:compileJava' because:
20:49:03.357 [INFO]  [Checking] >   Build cache is disabled
20:49:03.357 [INFO]  [Checking] > Skipping task ':app:compileJava' as it is up-to-date.
20:49:03.357 [INFO]  [Checking] > Resolve mutations for :app:processResources (Thread[Execution worker Thread 3,5,main]) started.
20:49:03.357 [INFO]  [Checking] > :app:processResources (Thread[Execution worker Thread 3,5,main]) started.
20:49:03.357 [INFO]  [Checking] > 
20:49:03.357 [INFO]  [Checking] > > Task :app:processResources NO-SOURCE
20:49:03.357 [INFO]  [Checking] > Skipping task ':app:processResources' as it has no source files and no previous output files.
20:49:03.357 [INFO]  [Checking] > Resolve mutations for :app:classes (Thread[Execution worker Thread 3,5,main]) started.
20:49:03.357 [INFO]  [Checking] > :app:classes (Thread[Execution worker Thread 3,5,main]) started.
20:49:03.357 [INFO]  [Checking] > 
20:49:03.357 [INFO]  [Checking] > > Task :app:classes UP-TO-DATE
20:49:03.357 [INFO]  [Checking] > Skipping task ':app:classes' as it has no actions.
20:49:03.357 [INFO]  [Checking] > Resolve mutations for :app:compileTestJava (Thread[Execution worker Thread 3,5,main]) started.
20:49:03.357 [INFO]  [Checking] > :app:compileTestJava (Thread[Execution worker Thread 3,5,main]) started.
20:49:03.357 [INFO]  [Checking] > 
20:49:03.357 [INFO]  [Checking] > > Task :app:compileTestJava
20:49:03.358 [INFO]  [Checking] > Caching disabled for task ':app:compileTestJava' because:
20:49:03.358 [INFO]  [Checking] >   Build cache is disabled
20:49:03.358 [INFO]  [Checking] > Task ':app:compileTestJava' is not up-to-date because:
20:49:03.358 [INFO]  [Checking] >   Output property 'destinationDirectory' file C:\Users\cbontoiu\Desktop\DiffblueTutorials\DemoCLI\app\build\classes\java\test has been removed.
20:49:03.358 [INFO]  [Checking] >   Output property 'destinationDirectory' file C:\Users\cbontoiu\Desktop\DiffblueTutorials\DemoCLI\app\build\classes\java\test\org has been removed.
20:49:03.358 [INFO]  [Checking] >   Output property 'destinationDirectory' file C:\Users\cbontoiu\Desktop\DiffblueTutorials\DemoCLI\app\build\classes\java\test\org\action has been removed.
20:49:03.358 [INFO]  [Checking] >   Output property 'destinationDirectory' file C:\Users\cbontoiu\Desktop\DiffblueTutorials\DemoCLI\app\build\classes\java\test\org\features has been removed.
20:49:03.358 [INFO]  [Checking] >   Output property 'options.generatedSourceOutputDirectory' file C:\Users\cbontoiu\Desktop\DiffblueTutorials\DemoCLI\app\build\generated\sources\annotationProcessor\java\test has been removed.
20:49:03.358 [INFO]  [Checking] > The input changes require a full rebuild for incremental task ':app:compileTestJava'.
20:49:03.358 [INFO]  [Checking] > Full recompilation is required because no incremental change information is available. This is usually caused by clean builds or changing compiler arguments.
20:49:03.358 [INFO]  [Checking] > Compiling with toolchain 'C:\Program Files\Java\jdk-17'.
20:49:03.358 [INFO]  [Checking] > Compiling with JDK Java compiler API.
20:49:03.358 [INFO]  [Checking] > Class dependency analysis for incremental compilation took 0.028 secs.
20:49:03.358 [INFO]  [Checking] > Created classpath snapshot for incremental compilation in 0.037 secs.
20:49:03.358 [INFO]  [Checking] > Resolve mutations for :app:processTestResources (Thread[Execution worker Thread 3,5,main]) started.
20:49:03.358 [INFO]  [Checking] > :app:processTestResources (Thread[Execution worker Thread 3,5,main]) started.
20:49:03.358 [INFO]  [Checking] > 
20:49:03.358 [INFO]  [Checking] > > Task :app:processTestResources NO-SOURCE
20:49:03.358 [INFO]  [Checking] > Skipping task ':app:processTestResources' as it has no source files and no previous output files.
20:49:03.358 [INFO]  [Checking] > Resolve mutations for :app:testClasses (Thread[Execution worker Thread 3,5,main]) started.
20:49:03.358 [INFO]  [Checking] > :app:testClasses (Thread[Execution worker Thread 3,5,main]) started.
20:49:03.358 [INFO]  [Checking] > 
20:49:03.358 [INFO]  [Checking] > > Task :app:testClasses
20:49:03.358 [INFO]  [Checking] > Skipping task ':app:testClasses' as it has no actions.
20:49:03.358 [INFO]  [Checking] > Resolve mutations for :app:test (Thread[Execution worker Thread 3,5,main]) started.
20:49:03.358 [INFO]  [Checking] > :app:test (Thread[Execution worker Thread 3,5,main]) started.
20:49:03.358 [INFO]  [Checking] > 
20:49:03.358 [INFO]  [Checking] > > Task :app:test
20:49:03.358 [INFO]  [Checking] > Caching disabled for task ':app:test' because:
20:49:03.358 [INFO]  [Checking] >   Build cache is disabled
20:49:03.358 [INFO]  [Checking] > Task ':app:test' is not up-to-date because:
20:49:03.359 [INFO]  [Checking] >   Task.upToDateWhen is false.
20:49:03.359 [INFO]  [Checking] > Finished generating test XML results (0.002 secs) into: C:\Users\cbontoiu\Desktop\DiffblueTutorials\DemoCLI\app\build\test-results\test
20:49:03.359 [INFO]  [Checking] > Generating HTML test report...
20:49:03.359 [INFO]  [Checking] > Finished generating test html results (0.024 secs) into: C:\Users\cbontoiu\Desktop\DiffblueTutorials\DemoCLI\app\build\reports\tests\test
20:49:03.359 [INFO]  [Checking] > Resolve mutations for :common:compileTestJava (Thread[Execution worker Thread 3,5,main]) started.
20:49:03.359 [INFO]  [Checking] > :common:compileTestJava (Thread[Execution worker Thread 3,5,main]) started.
20:49:03.359 [INFO]  [Checking] > 
20:49:03.359 [INFO]  [Checking] > > Task :common:compileTestJava
20:49:03.359 [INFO]  [Checking] > Caching disabled for task ':common:compileTestJava' because:
20:49:03.359 [INFO]  [Checking] >   Build cache is disabled
20:49:03.359 [INFO]  [Checking] > Task ':common:compileTestJava' is not up-to-date because:
20:49:03.359 [INFO]  [Checking] >   Output property 'destinationDirectory' file C:\Users\cbontoiu\Desktop\DiffblueTutorials\DemoCLI\common\build\classes\java\test has been removed.
20:49:03.359 [INFO]  [Checking] >   Output property 'destinationDirectory' file C:\Users\cbontoiu\Desktop\DiffblueTutorials\DemoCLI\common\build\classes\java\test\org has been removed.
20:49:03.359 [INFO]  [Checking] >   Output property 'destinationDirectory' file C:\Users\cbontoiu\Desktop\DiffblueTutorials\DemoCLI\common\build\classes\java\test\org\extra has been removed.
20:49:03.359 [INFO]  [Checking] >   Output property 'destinationDirectory' file C:\Users\cbontoiu\Desktop\DiffblueTutorials\DemoCLI\common\build\classes\java\test\org\mocking has been removed.
20:49:03.359 [INFO]  [Checking] >   Output property 'options.generatedSourceOutputDirectory' file C:\Users\cbontoiu\Desktop\DiffblueTutorials\DemoCLI\common\build\generated\sources\annotationProcessor\java\test has been removed.
20:49:03.359 [INFO]  [Checking] > The input changes require a full rebuild for incremental task ':common:compileTestJava'.
20:49:03.359 [INFO]  [Checking] > Full recompilation is required because no incremental change information is available. This is usually caused by clean builds or changing compiler arguments.
20:49:03.359 [INFO]  [Checking] > Compiling with toolchain 'C:\Program Files\Java\jdk-17'.
20:49:03.359 [INFO]  [Checking] > Compiling with JDK Java compiler API.
20:49:03.359 [INFO]  [Checking] > Class dependency analysis for incremental compilation took 0.027 secs.
20:49:03.359 [INFO]  [Checking] > Created classpath snapshot for incremental compilation in 0.007 secs.
20:49:03.359 [INFO]  [Checking] > Resolve mutations for :common:processTestResources (Thread[Execution worker Thread 4,5,main]) started.
20:49:03.360 [INFO]  [Checking] > :common:processTestResources (Thread[Execution worker Thread 4,5,main]) started.
20:49:03.360 [INFO]  [Checking] > 
20:49:03.360 [INFO]  [Checking] > > Task :common:processTestResources NO-SOURCE
20:49:03.360 [INFO]  [Checking] > Skipping task ':common:processTestResources' as it has no source files and no previous output files.
20:49:03.360 [INFO]  [Checking] > Resolve mutations for :common:testClasses (Thread[Execution worker Thread 4,5,main]) started.
20:49:03.360 [INFO]  [Checking] > :common:testClasses (Thread[Execution worker Thread 4,5,main]) started.
20:49:03.360 [INFO]  [Checking] > 
20:49:03.360 [INFO]  [Checking] > > Task :common:testClasses
20:49:03.360 [INFO]  [Checking] > Skipping task ':common:testClasses' as it has no actions.
20:49:03.360 [INFO]  [Checking] > Resolve mutations for :common:test (Thread[Execution worker Thread 4,5,main]) started.
20:49:03.361 [INFO]  [Checking] > :common:test (Thread[Execution worker Thread 4,5,main]) started.
20:49:03.361 [INFO]  [Checking] > 
20:49:03.361 [INFO]  [Checking] > > Task :common:test
20:49:03.361 [INFO]  [Checking] > Caching disabled for task ':common:test' because:
20:49:03.361 [INFO]  [Checking] >   Build cache is disabled
20:49:03.361 [INFO]  [Checking] > Task ':common:test' is not up-to-date because:
20:49:03.361 [INFO]  [Checking] >   Task.upToDateWhen is false.
20:49:03.361 [INFO]  [Checking] > Finished generating test XML results (0.0 secs) into: C:\Users\cbontoiu\Desktop\DiffblueTutorials\DemoCLI\common\build\test-results\test
20:49:03.361 [INFO]  [Checking] > Generating HTML test report...
20:49:03.361 [INFO]  [Checking] > Finished generating test html results (0.005 secs) into: C:\Users\cbontoiu\Desktop\DiffblueTutorials\DemoCLI\common\build\reports\tests\test
20:49:03.361 [INFO]  [Checking] > Resolve mutations for :extra:compileJava (Thread[Execution worker Thread 4,5,main]) started.
20:49:03.361 [INFO]  [Checking] > :extra:compileJava (Thread[Execution worker Thread 4,5,main]) started.
20:49:03.361 [INFO]  [Checking] > 
20:49:03.361 [INFO]  [Checking] > > Task :extra:compileJava UP-TO-DATE
20:49:03.361 [INFO]  [Checking] > Caching disabled for task ':extra:compileJava' because:
20:49:03.361 [INFO]  [Checking] >   Build cache is disabled
20:49:03.361 [INFO]  [Checking] > Skipping task ':extra:compileJava' as it is up-to-date.
20:49:03.361 [INFO]  [Checking] > Resolve mutations for :extra:processResources (Thread[Execution worker Thread 4,5,main]) started.
20:49:03.361 [INFO]  [Checking] > :extra:processResources (Thread[Execution worker Thread 4,5,main]) started.
20:49:03.361 [INFO]  [Checking] > 
20:49:03.361 [INFO]  [Checking] > > Task :extra:processResources NO-SOURCE
20:49:03.361 [INFO]  [Checking] > Skipping task ':extra:processResources' as it has no source files and no previous output files.
20:49:03.361 [INFO]  [Checking] > Resolve mutations for :extra:classes (Thread[Execution worker Thread 4,5,main]) started.
20:49:03.361 [INFO]  [Checking] > :extra:classes (Thread[Execution worker Thread 4,5,main]) started.
20:49:03.361 [INFO]  [Checking] > 
20:49:03.361 [INFO]  [Checking] > > Task :extra:classes UP-TO-DATE
20:49:03.362 [INFO]  [Checking] > Skipping task ':extra:classes' as it has no actions.
20:49:03.362 [INFO]  [Checking] > Resolve mutations for :extra:compileTestJava (Thread[Execution worker Thread 4,5,main]) started.
20:49:03.362 [INFO]  [Checking] > :extra:compileTestJava (Thread[Execution worker Thread 4,5,main]) started.
20:49:03.362 [INFO]  [Checking] > 
20:49:03.362 [INFO]  [Checking] > > Task :extra:compileTestJava FAILED
20:49:03.362 [INFO]  [Checking] > Caching disabled for task ':extra:compileTestJava' because:
20:49:03.362 [INFO]  [Checking] >   Build cache is disabled
20:49:03.362 [INFO]  [Checking] > Task ':extra:compileTestJava' is not up-to-date because:
20:49:03.362 [INFO]  [Checking] >   Output property 'destinationDirectory' file C:\Users\cbontoiu\Desktop\DiffblueTutorials\DemoCLI\extra\build\classes\java\test has been removed.
20:49:03.362 [INFO]  [Checking] >   Output property 'destinationDirectory' file C:\Users\cbontoiu\Desktop\DiffblueTutorials\DemoCLI\extra\build\classes\java\test\source has been removed.
20:49:03.362 [INFO]  [Checking] >   Output property 'destinationDirectory' file C:\Users\cbontoiu\Desktop\DiffblueTutorials\DemoCLI\extra\build\classes\java\test\source\ADiffblueTest.class has been removed.
20:49:03.362 [INFO]  [Checking] >   Output property 'destinationDirectory' file C:\Users\cbontoiu\Desktop\DiffblueTutorials\DemoCLI\extra\build\classes\java\test\source\BDiffblueTest.class has been removed.
20:49:03.362 [INFO]  [Checking] >   Output property 'options.generatedSourceOutputDirectory' file C:\Users\cbontoiu\Desktop\DiffblueTutorials\DemoCLI\extra\build\generated\sources\annotationProcessor\java\test has been removed.
20:49:03.362 [INFO]  [Checking] > The input changes require a full rebuild for incremental task ':extra:compileTestJava'.
20:49:03.362 [INFO]  [Checking] > Full recompilation is required because no incremental change information is available. This is usually caused by clean builds or changing compiler arguments.
20:49:03.362 [INFO]  [Checking] > Compiling with toolchain 'C:\Program Files\Java\jdk-17'.
20:49:03.362 [INFO]  [Checking] > Compiling with JDK Java compiler API.
20:49:03.362 [INFO]  [Checking] > 
20:49:03.362 [INFO]  [Checking] > Deprecated Gradle features were used in this build, making it incompatible with Gradle 9.0.
20:49:03.362 [INFO]  [Checking] > 
20:49:03.362 [INFO]  [Checking] > You can use '--warning-mode all' to show the individual deprecation warnings and determine if they come from your own scripts or plugins.
20:49:03.362 [INFO]  [Checking] > 
20:49:03.362 [INFO]  [Checking] > For more on this, please refer to https://docs.gradle.org/8.2/userguide/command_line_interface.html#sec:command_line_warnings in the Gradle documentation.
20:49:03.362 [INFO]  [Checking] > 9 actionable tasks: 5 executed, 4 up-to-date
20:49:03.363 [INFO]  [Checking] > Watched directory hierarchies: [C:\Users\cbontoiu\Desktop\DiffblueTutorials\DemoCLI]
20:49:03.363 [INFO]  [Checking] Standard error of build tool (Gradle)
20:49:03.363 [INFO]  [Checking] > C:\Users\cbontoiu\Desktop\DiffblueTutorials\DemoCLI\extra\src\test\java\source\ADiffblueTest.java:22: error: cannot find symbol
20:49:03.363 [INFO]  [Checking] >     assertEquals(5, (new A()).n);
20:49:03.363 [INFO]  [Checking] >                              ^
20:49:03.363 [INFO]  [Checking] >   symbol:   variable n
20:49:03.363 [INFO]  [Checking] >   location: class A
20:49:03.363 [INFO]  [Checking] > C:\Users\cbontoiu\Desktop\DiffblueTutorials\DemoCLI\extra\src\test\java\source\BDiffblueTest.java:22: error: cannot find symbol
20:49:03.363 [INFO]  [Checking] >     assertEquals(5, (new B()).n);
20:49:03.363 [INFO]  [Checking] >                              ^
20:49:03.363 [INFO]  [Checking] >   symbol:   variable n
20:49:03.363 [INFO]  [Checking] >   location: class B
20:49:03.363 [INFO]  [Checking] > 2 errors
20:49:03.364 [INFO]  [Checking] > 
20:49:03.364 [INFO]  [Checking] > FAILURE: Build failed with an exception.
20:49:03.364 [INFO]  [Checking] > 
20:49:03.364 [INFO]  [Checking] > * What went wrong:
20:49:03.364 [INFO]  [Checking] > Execution failed for task ':extra:compileTestJava'.
20:49:03.364 [INFO]  [Checking] > > Compilation failed; see the compiler error output for details.
20:49:03.364 [INFO]  [Checking] > 
20:49:03.364 [INFO]  [Checking] > * Try:
20:49:03.364 [INFO]  [Checking] > > Run with --scan to get full insights.
20:49:03.364 [INFO]  [Checking] > 
20:49:03.364 [INFO]  [Checking] > BUILD FAILED in 5s
20:49:03.371 [INFO]  [Checking] Selected test framework: JUnit Jupiter
20:49:03.421 [INFO]  [Checking] Detected JVM architecture: 64-Bit
20:49:03.997 [INFO]  [Checking] Selected Java language compliance level: 17
20:49:03.998 [INFO]  [Checking] Selected test validation: disabled, error detected while trying to execute tests
20:49:04.002 [INFO]  [Checking] Prefixes for filtering classes/methods:
20:49:04.004 [INFO]  [Checking] - source
20:49:04.005 [INFO]  [Checking] Gathering methods to test...
20:49:04.629 [WARN]  [Checking] E011: Failed to run a simple example test
Diffblue Cover tried to run a simple example test to help it identify the
right project configuration, but the test failed to execute when running
Gradle.
20:49:04.643 [INFO]  [Reporting] 
20:49:04.643 [INFO]  [Reporting] Environment summary:
20:49:04.643 [INFO]  [Reporting] --------------------
20:49:04.646 [INFO]  [Reporting] Java version                  17.0.6                        SUCCESS        
20:49:04.646 [INFO]  [Reporting] Build system                  Gradle                        SUCCESS        
20:49:04.646 [INFO]  [Reporting] Mocking Framework             Mockito 5.4.0                 SUCCESS        
20:49:04.646 [INFO]  [Reporting] Testing framework             JUnit Jupiter 5               SUCCESS        
20:49:04.646 [INFO]  [Reporting] Test validation               Disabled                      SUCCESS        
20:49:04.646 [WARN]  [Reporting] Test execution                                              WARNING        
20:49:04.646 [INFO]  [Reporting] 
20:49:04.646 [WARN]  [Reporting] Environment check status: WARNING
20:49:04.679 [INFO]  [Creating] Found 4 callable methods in 2 classes
20:49:04.681 [INFO]  [Creating] 
20:49:04.682 [INFO]  [Creating] Creating tests:
20:49:04.683 [INFO]  [Creating] ---------------
20:49:04.704 [INFO]  [Creating] 
================================================================================
= Starting analysis for class 'source.A'
================================================================================
20:49:04.704 [INFO]  [Creating] Filtering out non-testable methods...
20:49:06.355 [INFO]  [Creating] Filtering of methods complete. Creating analysis request
20:49:06.356 [INFO]  [Creating] Attempting to get service client, retry 1.
20:49:06.365 [INFO]  [Creating] Starting monitoring server.
20:49:06.543 [INFO]  [Creating] Monitoring server listening on localhost/127.0.0.1:51704
20:49:06.545 [INFO]  [Creating] Starting analyzer server process...
20:49:06.546 [INFO]  [Creating] Server command-line: C:\Program Files\Java\jdk-17\bin\java.exe -XX:+IgnoreUnrecognizedVMOptions -Djdk.attach.allowAttachSelf=true -ea -javaagent:C:\DiffblueCoverProduct\launcher-shared-jar.jar -Dlogback.configurationFile=C:\Users\cbontoiu\AppData\Local\Temp\diffblue\config\logback-remote-service.xml -Dcom.diffblue.springIsolationJar=C:\DiffblueCoverProduct\cover-isolation-layer.jar -Dcover.jar.path=C:\DiffblueCoverProduct\cover-service-analyzer.jar -Dcom.diffblue.assertionSuggestionJar=C:\DiffblueCoverProduct\cover-service-analyzer.jar -Dcover.main.class=com.diffblue.cover.service.analyzer.Main -jar C:\DiffblueCoverProduct\launcher-shared-jar.jar --service-lifespan 120 --monitoring-service-port 51704 --index-service-port 51704 --debug-log
20:49:06.553 [INFO]  [Creating] Server started. Waiting up to 300 seconds for a connection to be established...
20:49:07.399 [INFO]  [Creating] Starting new remote monitor client
20:49:08.086 [INFO]  [Creating] Attempting to start remote server.
20:49:08.346 [INFO]  [Creating] Server started, listening on localhost/127.0.0.1:51706
20:49:08.568 [INFO]  [Creating] Expect analyzer service to be listening on port 51706.
20:49:09.310 [INFO]  [Creating] Started analyzer service and client retrieved.
20:49:11.954 [INFO]  [Creating] 
================================================================================
= Creating tests for 'source.A.<init>:()V' using 'TrM (!sp, !fnm, df, !ris)'
================================================================================
20:49:13.073 [INFO]  [Creating]     [1/4] source.A.<init>
20:49:13.073 [INFO]  [Creating]     [1/4]   Tests created: 1
20:49:13.076 [INFO]  [Creating] 
================================================================================
= Creating tests for 'source.A.method:(D)I' using 'SiM (!sp, fnm, df, !ris)'
================================================================================
20:49:14.564 [INFO]  [Creating] Created 1+0 tests and partial tests via 'SiM (!sp, fnm, df, !ris)', 1/2, returning all 1
20:49:14.688 [INFO]  [Creating]     [2/4] source.A.method
20:49:14.688 [INFO]  [Creating]     [2/4]   Tests created: 1
20:49:14.695 [INFO]  [Creating] [1/2] source.A
20:49:14.696 [INFO]  [Creating] [1/2]   Tests created: 2
20:49:14.696 [INFO]  [Creating] 
================================================================================
= Starting analysis for class 'source.B'
================================================================================
20:49:14.696 [INFO]  [Creating] Filtering out non-testable methods...
20:49:14.696 [INFO]  [Creating] Filtering of methods complete. Creating analysis request
20:49:14.696 [INFO]  [Creating] Attempting to get service client, retry 1.
20:49:14.742 [INFO]  [Creating] 
================================================================================
= Creating tests for 'source.B.<init>:()V' using 'TrM (!sp, !fnm, df, !ris)'
================================================================================
20:49:14.802 [INFO]  [Creating]     [3/4] source.B.<init>
20:49:14.802 [INFO]  [Creating]     [3/4]   Tests created: 1
20:49:14.804 [INFO]  [Creating] 
================================================================================
= Creating tests for 'source.B.method:(D)I' using 'SiM (!sp, fnm, df, !ris)'
================================================================================
20:49:14.902 [INFO]  [Creating] Created 1+0 tests and partial tests via 'SiM (!sp, fnm, df, !ris)', 1/2, returning all 1
20:49:14.934 [INFO]  [Creating]     [4/4] source.B.method
20:49:14.935 [INFO]  [Creating]     [4/4]   Tests created: 1
20:49:14.939 [INFO]  [Creating] [2/2] source.B
20:49:14.940 [INFO]  [Creating] [2/2]   Tests created: 2
20:49:14.944 [INFO]  [Reporting] 
20:49:14.945 [INFO]  [Reporting] Summary:
20:49:14.945 [INFO]  [Reporting] --------
20:49:14.946 [INFO]  [Reporting] Total:                                               4 methods
20:49:14.946 [INFO]  [Reporting] 4 tests created for:                                 4 methods
20:49:14.947 [INFO]  [Reporting] 
20:49:15.150 [INFO]  [Reporting] Writing JSON report to C:\Users\cbontoiu\Desktop\DiffblueTutorials\DemoCLI\extra\.diffblue\reports\report.json
20:49:15.180 [INFO]  [Reporting] 
20:49:15.181 [WARN]  [Reporting] Cover completed with warnings
  The following warnings should be addressed to ensure that
  the highest quantity and quality of tests can be created:
-----------------------------------------------------------
20:49:04.629 [WARN]  [Checking] E011: Failed to run a simple example test
Diffblue Cover tried to run a simple example test to help it identify the
right project configuration, but the test failed to execute when running
Gradle.
20:49:15.182 [INFO]  [Reporting] Log file: C:\Users\cbontoiu\Desktop\DiffblueTutorials\DemoCLI\extra\.diffblue\log\user-20230917T204851.log
20:49:15.183 [INFO]  [Reporting] Finished in 23s
