22:26:33.704 [INFO]  [Preparing] Diffblue Cover 2023.09.01-9200f07-unrestricted
22:26:33.705 [INFO]  [Preparing] 
22:26:33.705 [INFO]  [Preparing] Running: dcover create --working-directory=extra source.E --keep-partial-tests
22:26:35.634 [INFO]  [Checking] Detecting environment:
22:26:35.635 [INFO]  [Checking] ----------------------
22:26:35.722 [INFO]  [Checking] Detected Java version 17.0.6
22:26:38.018 [INFO]  [Checking] Detected build system: Gradle 8.2
22:26:38.022 [INFO]  [Checking] Operating System: Windows 11 amd64 10.0
22:26:38.023 [INFO]  [Checking] Default charset: windows-1252
22:26:38.025 [INFO]  [Checking] Default locale: en_GB
22:26:38.025 [INFO]  [Checking] Default time zone: Europe/London
22:26:38.026 [INFO]  [Checking] Selected build system: Gradle
22:26:38.030 [INFO]  [Checking] Selected classpath from build system Gradle
22:26:38.032 [INFO]  [Checking] Expanded classpath: 
C:\Users\cbontoiu\Desktop\DiffblueTutorials\DemoCLI\extra\build\classes\java\main (code under test)
C:\Users\cbontoiu\Desktop\DiffblueTutorials\DemoCLI\extra\build\resources\test
C:\Users\cbontoiu\Desktop\DiffblueTutorials\DemoCLI\extra\build\resources\main
C:\Users\cbontoiu\.gradle\caches\modules-2\files-2.1\org.junit.jupiter\junit-jupiter\5.9.1\9274d3757e224bc02eae367bd481062a263c150b\junit-jupiter-5.9.1.jar
C:\Users\cbontoiu\.gradle\caches\modules-2\files-2.1\org.junit.jupiter\junit-jupiter-params\5.9.1\ffcd1013edaeee112be11fcddeb38882d79238de\junit-jupiter-params-5.9.1.jar
C:\Users\cbontoiu\.gradle\caches\modules-2\files-2.1\org.junit.jupiter\junit-jupiter-engine\5.9.1\1bf771097bde296c3ab174861954e8aafaaf2e94\junit-jupiter-engine-5.9.1.jar
C:\Users\cbontoiu\.gradle\caches\modules-2\files-2.1\org.junit.jupiter\junit-jupiter-api\5.9.1\7bb53fbc0173e9f6a9d21d58297af94b1f2f9ce1\junit-jupiter-api-5.9.1.jar
C:\Users\cbontoiu\.gradle\caches\modules-2\files-2.1\org.junit.platform\junit-platform-engine\1.9.1\83591e5089d6cea5f324aa3ecca9b19d5a275803\junit-platform-engine-1.9.1.jar
C:\Users\cbontoiu\.gradle\caches\modules-2\files-2.1\org.junit.platform\junit-platform-commons\1.9.1\3145f821b5cd10abcdc5f925baa5fffa6f1b628f\junit-platform-commons-1.9.1.jar
C:\Users\cbontoiu\.gradle\caches\modules-2\files-2.1\org.mockito\mockito-core\5.4.0\30bcbe79f7bd51b53debfc4c6014d0bea4935e37\mockito-core-5.4.0.jar
C:\Users\cbontoiu\.gradle\caches\modules-2\files-2.1\net.bytebuddy\byte-buddy\1.14.5\28a424c0c4f362568e904d992c239c996cf7adc7\byte-buddy-1.14.5.jar
C:\Users\cbontoiu\.gradle\caches\modules-2\files-2.1\net.bytebuddy\byte-buddy-agent\1.14.5\20f4e9b9d0ffb953657bfa4b92c0cceb27907d58\byte-buddy-agent-1.14.5.jar
C:\Users\cbontoiu\.gradle\caches\modules-2\files-2.1\org.objenesis\objenesis\3.3\1049c09f1de4331e8193e579448d0916d75b7631\objenesis-3.3.jar
C:\Users\cbontoiu\.gradle\caches\modules-2\files-2.1\org.opentest4j\opentest4j\1.2.0\28c11eb91f9b6d8e200631d46e20a7f407f2a046\opentest4j-1.2.0.jar
22:26:38.153 [INFO]  [Checking] Detected test framework: JUnit Jupiter 5.9.1
22:26:38.158 [INFO]  [Checking] Detected JUnit Jupiter version 5.9.1
22:26:38.162 [INFO]  [Checking] Detected JUnit Jupiter Params version 5.9.1
22:26:38.193 [INFO]  [Checking] Detected Mockito version 5.4.0
22:26:38.658 [INFO]  [Checking] Indexing...
22:26:38.975 [INFO]  [Checking] Selected test output directory: C:\Users\cbontoiu\Desktop\DiffblueTutorials\DemoCLI\extra\src\test\java
22:26:38.983 [INFO]  [Checking] Running: Using JAVA_HOME: C:\Program Files\Java\jdk-17 : in C:\Users\cbontoiu\Desktop\DiffblueTutorials\DemoCLI\extra : gradle test -i  DummyJupiterDiffblueTest
22:26:40.616 [INFO]  [Checking] Selected test framework: JUnit Jupiter
22:26:40.650 [INFO]  [Checking] Running: Using JAVA_HOME: C:\Program Files\Java\jdk-17 : in C:\Users\cbontoiu\Desktop\DiffblueTutorials\DemoCLI\extra : gradle test -i  DummyJUnitJupiterLauncherDiffblueTest
22:26:41.771 [INFO]  [Checking] Detected JVM architecture: 64-Bit
22:26:42.365 [INFO]  [Checking] Selected Java language compliance level: 17
22:26:42.366 [INFO]  [Checking] Selected test validation: enabled
22:26:42.370 [INFO]  [Checking] Prefixes for filtering classes/methods:
22:26:42.372 [INFO]  [Checking] - source.E
22:26:42.373 [INFO]  [Checking] Gathering methods to test...
22:26:43.104 [INFO]  [Reporting] 
22:26:43.105 [INFO]  [Reporting] Environment summary:
22:26:43.105 [INFO]  [Reporting] --------------------
22:26:43.108 [INFO]  [Reporting] Java version                  17.0.6                        SUCCESS        
22:26:43.108 [INFO]  [Reporting] Build system                  Gradle                        SUCCESS        
22:26:43.108 [INFO]  [Reporting] Mocking Framework             Mockito 5.4.0                 SUCCESS        
22:26:43.109 [INFO]  [Reporting] Testing framework             JUnit Jupiter 5               SUCCESS        
22:26:43.109 [INFO]  [Reporting] Launcher                      JUnit Jupiter                 SUCCESS        
22:26:43.109 [INFO]  [Reporting] Test validation               Enabled                       SUCCESS        
22:26:43.109 [INFO]  [Reporting] 
22:26:43.110 [INFO]  [Reporting] Environment check status: SUCCESS
22:26:43.154 [INFO]  [Creating] Found 2 callable methods in 1 class
22:26:43.155 [INFO]  [Creating] 
22:26:43.156 [INFO]  [Creating] Creating tests:
22:26:43.157 [INFO]  [Creating] ---------------
22:26:43.180 [INFO]  [Creating] 
================================================================================
= Starting analysis for class 'source.E'
================================================================================
22:26:43.181 [INFO]  [Creating] Filtering out non-testable methods...
22:26:44.682 [INFO]  [Creating] Filtering of methods complete. Creating analysis request
22:26:44.683 [INFO]  [Creating] Attempting to get service client, retry 1.
22:26:44.691 [INFO]  [Creating] Starting monitoring server.
22:26:44.866 [INFO]  [Creating] Monitoring server listening on localhost/127.0.0.1:55709
22:26:44.869 [INFO]  [Creating] Starting analyzer server process...
22:26:44.869 [INFO]  [Creating] Server command-line: C:\Program Files\Java\jdk-17\bin\java.exe -XX:+IgnoreUnrecognizedVMOptions -Djdk.attach.allowAttachSelf=true -ea -javaagent:C:\DiffblueCoverProduct\launcher-shared-jar.jar -Dlogback.configurationFile=C:\Users\cbontoiu\AppData\Local\Temp\diffblue\config\logback-remote-service.xml -Dcom.diffblue.springIsolationJar=C:\DiffblueCoverProduct\cover-isolation-layer.jar -Dcover.jar.path=C:\DiffblueCoverProduct\cover-service-analyzer.jar -Dcom.diffblue.assertionSuggestionJar=C:\DiffblueCoverProduct\cover-service-analyzer.jar -Dcover.main.class=com.diffblue.cover.service.analyzer.Main -jar C:\DiffblueCoverProduct\launcher-shared-jar.jar --service-lifespan 120 --monitoring-service-port 55709 --index-service-port 55709 --debug-log
22:26:44.881 [INFO]  [Creating] Server started. Waiting up to 300 seconds for a connection to be established...
22:26:45.737 [INFO]  [Creating] Starting new remote monitor client
22:26:46.427 [INFO]  [Creating] Attempting to start remote server.
22:26:46.687 [INFO]  [Creating] Server started, listening on localhost/127.0.0.1:55711
22:26:46.886 [INFO]  [Creating] Expect analyzer service to be listening on port 55711.
22:26:47.523 [INFO]  [Creating] Started analyzer service and client retrieved.
22:26:50.084 [INFO]  [Creating] 
================================================================================
= Creating tests for 'source.E.<init>:()V' using 'TrM (!sp, !fnm, df, !ris)'
================================================================================
22:26:52.678 [INFO]  [Creating]     [1/2] source.E.<init>
22:26:52.678 [INFO]  [Creating]     [1/2]   Tests created: 1
22:26:52.681 [INFO]  [Creating] 
================================================================================
= Creating tests for 'source.E.method:(D)I' using 'SiM (!sp, fnm, df, !ris)'
================================================================================
22:26:53.615 [INFO]  [Creating] Created 1+0 tests and partial tests via 'SiM (!sp, fnm, df, !ris)', 1/2, returning all 1
22:26:53.738 [INFO]  [Creating]     [2/2] source.E.method
22:26:53.738 [INFO]  [Creating]     [2/2]   Tests created: 1
22:26:53.745 [INFO]  [Creating] [1/1] source.E
22:26:53.746 [INFO]  [Creating] [1/1]   Tests created: 2
22:26:53.752 [INFO]  [Reporting] 
22:26:53.754 [INFO]  [Reporting] Summary:
22:26:53.755 [INFO]  [Reporting] --------
22:26:53.755 [INFO]  [Reporting] Total:                                               2 methods
22:26:53.756 [INFO]  [Reporting] 2 tests created for:                                 2 methods
22:26:53.757 [INFO]  [Reporting] 
22:26:53.919 [INFO]  [Validating] 
22:26:53.920 [INFO]  [Validating] Running validation command.
22:26:53.924 [INFO]  [Validating] Running: Using JAVA_HOME: C:\Program Files\Java\jdk-17 : in C:\Users\cbontoiu\Desktop\DiffblueTutorials\DemoCLI\extra : gradle test -i  
22:26:55.059 [INFO]  [Validating] Standard output of build tool (gradle)
22:26:55.060 [INFO]  [Validating] > The client will now receive all logging from the daemon (pid: 7736). The daemon log file: C:\Users\cbontoiu\.gradle\daemon\8.2\daemon-7736.out.log
22:26:55.060 [INFO]  [Validating] > Starting 22nd build in daemon [uptime: 1 hrs 37 mins 55.399 secs, performance: 100%, GC rate: 0.00/s, heap usage: 0% of 3.9 GiB]
22:26:55.060 [INFO]  [Validating] > Closing daemon's stdin at end of input.
22:26:55.060 [INFO]  [Validating] > The daemon will no longer process any standard input.
22:26:55.060 [INFO]  [Validating] > Using 8 worker leases.
22:26:55.060 [INFO]  [Validating] > Now considering [C:\Users\cbontoiu\Desktop\DiffblueTutorials\DemoCLI] as hierarchies to watch
22:26:55.060 [INFO]  [Validating] > Watching the file system is configured to be enabled if available
22:26:55.060 [INFO]  [Validating] > File system watching is active
22:26:55.060 [INFO]  [Validating] > Starting Build
22:26:55.060 [INFO]  [Validating] > Settings evaluated using settings file 'C:\Users\cbontoiu\Desktop\DiffblueTutorials\DemoCLI\settings.gradle'.
22:26:55.060 [INFO]  [Validating] > Projects loaded. Root project using build file 'C:\Users\cbontoiu\Desktop\DiffblueTutorials\DemoCLI\build.gradle'.
22:26:55.061 [INFO]  [Validating] > Included projects: [root project 'DemoCLI', project ':app', project ':common', project ':extra']
22:26:55.061 [INFO]  [Validating] > 
22:26:55.061 [INFO]  [Validating] > > Configure project :
22:26:55.061 [INFO]  [Validating] > Evaluating root project 'DemoCLI' using build file 'C:\Users\cbontoiu\Desktop\DiffblueTutorials\DemoCLI\build.gradle'.
22:26:55.061 [INFO]  [Validating] > 
22:26:55.061 [INFO]  [Validating] > > Configure project :app
22:26:55.061 [INFO]  [Validating] > Evaluating project ':app' using build file 'C:\Users\cbontoiu\Desktop\DiffblueTutorials\DemoCLI\app\build.gradle'.
22:26:55.061 [INFO]  [Validating] > 
22:26:55.061 [INFO]  [Validating] > > Configure project :common
22:26:55.061 [INFO]  [Validating] > Evaluating project ':common' using build file 'C:\Users\cbontoiu\Desktop\DiffblueTutorials\DemoCLI\common\build.gradle'.
22:26:55.061 [INFO]  [Validating] > 
22:26:55.061 [INFO]  [Validating] > > Configure project :extra
22:26:55.061 [INFO]  [Validating] > Evaluating project ':extra' using build file 'C:\Users\cbontoiu\Desktop\DiffblueTutorials\DemoCLI\extra\build.gradle'.
22:26:55.061 [INFO]  [Validating] > All projects evaluated.
22:26:55.061 [INFO]  [Validating] > Task path ':extra:test' matched project ':extra'
22:26:55.061 [INFO]  [Validating] > Task name matched 'test'
22:26:55.061 [INFO]  [Validating] > Selected primary task 'test' from project :extra
22:26:55.061 [INFO]  [Validating] > The configuration :extra:mainSourceElements is both consumable and declarable. This combination is incorrect, only one of these flags should be set.
22:26:55.061 [INFO]  [Validating] > Tasks to be executed: [task ':extra:compileJava', task ':extra:processResources', task ':extra:classes', task ':extra:compileTestJava', task ':extra:processTestResources', task ':extra:testClasses', task ':extra:test']
22:26:55.061 [INFO]  [Validating] > Tasks that were excluded: []
22:26:55.061 [INFO]  [Validating] > Resolve mutations for :extra:compileJava (Thread[Execution worker,5,main]) started.
22:26:55.061 [INFO]  [Validating] > :extra:compileJava (Thread[Execution worker,5,main]) started.
22:26:55.061 [INFO]  [Validating] > 
22:26:55.062 [INFO]  [Validating] > > Task :extra:compileJava UP-TO-DATE
22:26:55.062 [INFO]  [Validating] > Caching disabled for task ':extra:compileJava' because:
22:26:55.062 [INFO]  [Validating] >   Build cache is disabled
22:26:55.062 [INFO]  [Validating] > Skipping task ':extra:compileJava' as it is up-to-date.
22:26:55.062 [INFO]  [Validating] > Resolve mutations for :extra:processResources (Thread[Execution worker,5,main]) started.
22:26:55.062 [INFO]  [Validating] > :extra:processResources (Thread[Execution worker Thread 3,5,main]) started.
22:26:55.062 [INFO]  [Validating] > 
22:26:55.062 [INFO]  [Validating] > > Task :extra:processResources NO-SOURCE
22:26:55.062 [INFO]  [Validating] > Skipping task ':extra:processResources' as it has no source files and no previous output files.
22:26:55.062 [INFO]  [Validating] > Resolve mutations for :extra:classes (Thread[Execution worker Thread 3,5,main]) started.
22:26:55.062 [INFO]  [Validating] > :extra:classes (Thread[Execution worker Thread 3,5,main]) started.
22:26:55.062 [INFO]  [Validating] > 
22:26:55.062 [INFO]  [Validating] > > Task :extra:classes UP-TO-DATE
22:26:55.062 [INFO]  [Validating] > Skipping task ':extra:classes' as it has no actions.
22:26:55.062 [INFO]  [Validating] > Resolve mutations for :extra:compileTestJava (Thread[Execution worker Thread 3,5,main]) started.
22:26:55.062 [INFO]  [Validating] > :extra:compileTestJava (Thread[Execution worker Thread 3,5,main]) started.
22:26:55.062 [INFO]  [Validating] > 
22:26:55.062 [INFO]  [Validating] > > Task :extra:compileTestJava
22:26:55.062 [INFO]  [Validating] > Caching disabled for task ':extra:compileTestJava' because:
22:26:55.062 [INFO]  [Validating] >   Build cache is disabled
22:26:55.062 [INFO]  [Validating] > Task ':extra:compileTestJava' is not up-to-date because:
22:26:55.062 [INFO]  [Validating] >   Input property 'stableSources' file C:\Users\cbontoiu\Desktop\DiffblueTutorials\DemoCLI\extra\src\test\java\DummyJUnitJupiterLauncherDiffblueTest.java has been removed.
22:26:55.062 [INFO]  [Validating] >   Input property 'stableSources' file C:\Users\cbontoiu\Desktop\DiffblueTutorials\DemoCLI\extra\src\test\java\source\EDiffblueTest.java has changed.
22:26:55.062 [INFO]  [Validating] > Created classpath snapshot for incremental compilation in 0.001 secs.
22:26:55.063 [INFO]  [Validating] > Compiling with toolchain 'C:\Program Files\Java\jdk-17'.
22:26:55.063 [INFO]  [Validating] > Compiling with JDK Java compiler API.
22:26:55.063 [INFO]  [Validating] > Incremental compilation of 3 classes completed in 0.075 secs.
22:26:55.063 [INFO]  [Validating] > Class dependency analysis for incremental compilation took 0.004 secs.
22:26:55.063 [INFO]  [Validating] > Resolve mutations for :extra:processTestResources (Thread[Execution worker Thread 3,5,main]) started.
22:26:55.063 [INFO]  [Validating] > :extra:processTestResources (Thread[Execution worker Thread 3,5,main]) started.
22:26:55.063 [INFO]  [Validating] > 
22:26:55.063 [INFO]  [Validating] > > Task :extra:processTestResources NO-SOURCE
22:26:55.063 [INFO]  [Validating] > Skipping task ':extra:processTestResources' as it has no source files and no previous output files.
22:26:55.063 [INFO]  [Validating] > Resolve mutations for :extra:testClasses (Thread[Execution worker Thread 3,5,main]) started.
22:26:55.063 [INFO]  [Validating] > :extra:testClasses (Thread[Execution worker Thread 3,5,main]) started.
22:26:55.063 [INFO]  [Validating] > 
22:26:55.063 [INFO]  [Validating] > > Task :extra:testClasses
22:26:55.063 [INFO]  [Validating] > Skipping task ':extra:testClasses' as it has no actions.
22:26:55.063 [INFO]  [Validating] > Resolve mutations for :extra:test (Thread[Execution worker Thread 3,5,main]) started.
22:26:55.063 [INFO]  [Validating] > :extra:test (Thread[Execution worker Thread 3,5,main]) started.
22:26:55.063 [INFO]  [Validating] > Gradle Test Executor 21 started executing tests.
22:26:55.063 [INFO]  [Validating] > Gradle Test Executor 21 finished executing tests.
22:26:55.063 [INFO]  [Validating] > 
22:26:55.063 [INFO]  [Validating] > > Task :extra:test FAILED
22:26:55.064 [INFO]  [Validating] > Caching disabled for task ':extra:test' because:
22:26:55.064 [INFO]  [Validating] >   Build cache is disabled
22:26:55.064 [INFO]  [Validating] > Task ':extra:test' is not up-to-date because:
22:26:55.064 [INFO]  [Validating] >   Value of input property 'filter.failOnNoMatchingTests' has changed for task ':extra:test'
22:26:55.064 [INFO]  [Validating] >   Value of input property 'filter.includePatterns' has changed for task ':extra:test'
22:26:55.064 [INFO]  [Validating] > Starting process 'Gradle Test Executor 21'. Working directory: C:\Users\cbontoiu\Desktop\DiffblueTutorials\DemoCLI\extra Command: C:\Program Files\Java\jdk-17\bin\java.exe -Dorg.gradle.internal.worker.tmpdir=C:\Users\cbontoiu\Desktop\DiffblueTutorials\DemoCLI\extra\build\tmp\test\work -Dorg.gradle.native=false @C:\Users\cbontoiu\.gradle\.tmp\gradle-worker-classpath12725003416318647488txt -Xmx512m -Dfile.encoding=windows-1252 -Duser.country=GB -Duser.language=en -Duser.variant -ea worker.org.gradle.process.internal.worker.GradleWorkerMain 'Gradle Test Executor 21'
22:26:55.064 [INFO]  [Validating] > Successfully started process 'Gradle Test Executor 21'
22:26:55.064 [INFO]  [Validating] > 
22:26:55.064 [INFO]  [Validating] > ADiffblueTest > testMethod() FAILED
22:26:55.064 [INFO]  [Validating] >     org.opentest4j.AssertionFailedError: expected: <4> but was: <2>
22:26:55.064 [INFO]  [Validating] >         at app//org.junit.jupiter.api.AssertionFailureBuilder.build(AssertionFailureBuilder.java:151)
22:26:55.064 [INFO]  [Validating] >         at app//org.junit.jupiter.api.AssertionFailureBuilder.buildAndThrow(AssertionFailureBuilder.java:132)
22:26:55.064 [INFO]  [Validating] >         at app//org.junit.jupiter.api.AssertEquals.failNotEqual(AssertEquals.java:197)
22:26:55.064 [INFO]  [Validating] >         at app//org.junit.jupiter.api.AssertEquals.assertEquals(AssertEquals.java:150)
22:26:55.064 [INFO]  [Validating] >         at app//org.junit.jupiter.api.AssertEquals.assertEquals(AssertEquals.java:145)
22:26:55.064 [INFO]  [Validating] >         at app//org.junit.jupiter.api.Assertions.assertEquals(Assertions.java:528)
22:26:55.064 [INFO]  [Validating] >         at app//source.ADiffblueTest.testMethod(ADiffblueTest.java:13)
22:26:55.064 [INFO]  [Validating] > 
22:26:55.064 [INFO]  [Validating] > ADiffblueTest > testConstructor() FAILED
22:26:55.064 [INFO]  [Validating] >     org.opentest4j.AssertionFailedError: expected: <2> but was: <1>
22:26:55.064 [INFO]  [Validating] >         at app//org.junit.jupiter.api.AssertionFailureBuilder.build(AssertionFailureBuilder.java:151)
22:26:55.064 [INFO]  [Validating] >         at app//org.junit.jupiter.api.AssertionFailureBuilder.buildAndThrow(AssertionFailureBuilder.java:132)
22:26:55.064 [INFO]  [Validating] >         at app//org.junit.jupiter.api.AssertEquals.failNotEqual(AssertEquals.java:197)
22:26:55.064 [INFO]  [Validating] >         at app//org.junit.jupiter.api.AssertEquals.assertEquals(AssertEquals.java:150)
22:26:55.064 [INFO]  [Validating] >         at app//org.junit.jupiter.api.AssertEquals.assertEquals(AssertEquals.java:145)
22:26:55.065 [INFO]  [Validating] >         at app//org.junit.jupiter.api.Assertions.assertEquals(Assertions.java:528)
22:26:55.065 [INFO]  [Validating] >         at app//source.ADiffblueTest.testConstructor(ADiffblueTest.java:22)
22:26:55.065 [INFO]  [Validating] > 
22:26:55.065 [INFO]  [Validating] > BDiffblueTest > testMethod() FAILED
22:26:55.065 [INFO]  [Validating] >     org.opentest4j.AssertionFailedError: expected: <16> but was: <8>
22:26:55.065 [INFO]  [Validating] >         at app//org.junit.jupiter.api.AssertionFailureBuilder.build(AssertionFailureBuilder.java:151)
22:26:55.065 [INFO]  [Validating] >         at app//org.junit.jupiter.api.AssertionFailureBuilder.buildAndThrow(AssertionFailureBuilder.java:132)
22:26:55.065 [INFO]  [Validating] >         at app//org.junit.jupiter.api.AssertEquals.failNotEqual(AssertEquals.java:197)
22:26:55.065 [INFO]  [Validating] >         at app//org.junit.jupiter.api.AssertEquals.assertEquals(AssertEquals.java:150)
22:26:55.065 [INFO]  [Validating] >         at app//org.junit.jupiter.api.AssertEquals.assertEquals(AssertEquals.java:145)
22:26:55.065 [INFO]  [Validating] >         at app//org.junit.jupiter.api.Assertions.assertEquals(Assertions.java:528)
22:26:55.065 [INFO]  [Validating] >         at app//source.BDiffblueTest.testMethod(BDiffblueTest.java:13)
22:26:55.065 [INFO]  [Validating] > 
22:26:55.065 [INFO]  [Validating] > BDiffblueTest > testConstructor() FAILED
22:26:55.065 [INFO]  [Validating] >     org.opentest4j.AssertionFailedError: expected: <2> but was: <1>
22:26:55.065 [INFO]  [Validating] >         at app//org.junit.jupiter.api.AssertionFailureBuilder.build(AssertionFailureBuilder.java:151)
22:26:55.065 [INFO]  [Validating] >         at app//org.junit.jupiter.api.AssertionFailureBuilder.buildAndThrow(AssertionFailureBuilder.java:132)
22:26:55.065 [INFO]  [Validating] >         at app//org.junit.jupiter.api.AssertEquals.failNotEqual(AssertEquals.java:197)
22:26:55.065 [INFO]  [Validating] >         at app//org.junit.jupiter.api.AssertEquals.assertEquals(AssertEquals.java:150)
22:26:55.065 [INFO]  [Validating] >         at app//org.junit.jupiter.api.AssertEquals.assertEquals(AssertEquals.java:145)
22:26:55.065 [INFO]  [Validating] >         at app//org.junit.jupiter.api.Assertions.assertEquals(Assertions.java:528)
22:26:55.065 [INFO]  [Validating] >         at app//source.BDiffblueTest.testConstructor(BDiffblueTest.java:25)
22:26:55.065 [INFO]  [Validating] > 
22:26:55.065 [INFO]  [Validating] > CDiffblueTest > testMethod() FAILED
22:26:55.065 [INFO]  [Validating] >     org.opentest4j.AssertionFailedError: expected: <96> but was: <48>
22:26:55.066 [INFO]  [Validating] >         at app//org.junit.jupiter.api.AssertionFailureBuilder.build(AssertionFailureBuilder.java:151)
22:26:55.066 [INFO]  [Validating] >         at app//org.junit.jupiter.api.AssertionFailureBuilder.buildAndThrow(AssertionFailureBuilder.java:132)
22:26:55.066 [INFO]  [Validating] >         at app//org.junit.jupiter.api.AssertEquals.failNotEqual(AssertEquals.java:197)
22:26:55.066 [INFO]  [Validating] >         at app//org.junit.jupiter.api.AssertEquals.assertEquals(AssertEquals.java:150)
22:26:55.066 [INFO]  [Validating] >         at app//org.junit.jupiter.api.AssertEquals.assertEquals(AssertEquals.java:145)
22:26:55.066 [INFO]  [Validating] >         at app//org.junit.jupiter.api.Assertions.assertEquals(Assertions.java:528)
22:26:55.066 [INFO]  [Validating] >         at app//source.CDiffblueTest.testMethod(CDiffblueTest.java:13)
22:26:55.066 [INFO]  [Validating] > 
22:26:55.066 [INFO]  [Validating] > CDiffblueTest > testConstructor() FAILED
22:26:55.066 [INFO]  [Validating] >     org.opentest4j.AssertionFailedError: expected: <2> but was: <1>
22:26:55.066 [INFO]  [Validating] >         at app//org.junit.jupiter.api.AssertionFailureBuilder.build(AssertionFailureBuilder.java:151)
22:26:55.066 [INFO]  [Validating] >         at app//org.junit.jupiter.api.AssertionFailureBuilder.buildAndThrow(AssertionFailureBuilder.java:132)
22:26:55.066 [INFO]  [Validating] >         at app//org.junit.jupiter.api.AssertEquals.failNotEqual(AssertEquals.java:197)
22:26:55.066 [INFO]  [Validating] >         at app//org.junit.jupiter.api.AssertEquals.assertEquals(AssertEquals.java:150)
22:26:55.066 [INFO]  [Validating] >         at app//org.junit.jupiter.api.AssertEquals.assertEquals(AssertEquals.java:145)
22:26:55.066 [INFO]  [Validating] >         at app//org.junit.jupiter.api.Assertions.assertEquals(Assertions.java:528)
22:26:55.066 [INFO]  [Validating] >         at app//source.CDiffblueTest.testConstructor(CDiffblueTest.java:25)
22:26:55.066 [INFO]  [Validating] > 
22:26:55.066 [INFO]  [Validating] > DDiffblueTest > testMethod() FAILED
22:26:55.066 [INFO]  [Validating] >     org.opentest4j.AssertionFailedError: expected: <768> but was: <384>
22:26:55.066 [INFO]  [Validating] >         at app//org.junit.jupiter.api.AssertionFailureBuilder.build(AssertionFailureBuilder.java:151)
22:26:55.066 [INFO]  [Validating] >         at app//org.junit.jupiter.api.AssertionFailureBuilder.buildAndThrow(AssertionFailureBuilder.java:132)
22:26:55.066 [INFO]  [Validating] >         at app//org.junit.jupiter.api.AssertEquals.failNotEqual(AssertEquals.java:197)
22:26:55.067 [INFO]  [Validating] >         at app//org.junit.jupiter.api.AssertEquals.assertEquals(AssertEquals.java:150)
22:26:55.067 [INFO]  [Validating] >         at app//org.junit.jupiter.api.AssertEquals.assertEquals(AssertEquals.java:145)
22:26:55.067 [INFO]  [Validating] >         at app//org.junit.jupiter.api.Assertions.assertEquals(Assertions.java:528)
22:26:55.067 [INFO]  [Validating] >         at app//source.DDiffblueTest.testMethod(DDiffblueTest.java:13)
22:26:55.067 [INFO]  [Validating] > 
22:26:55.067 [INFO]  [Validating] > DDiffblueTest > testConstructor() FAILED
22:26:55.067 [INFO]  [Validating] >     org.opentest4j.AssertionFailedError: expected: <2> but was: <1>
22:26:55.067 [INFO]  [Validating] >         at app//org.junit.jupiter.api.AssertionFailureBuilder.build(AssertionFailureBuilder.java:151)
22:26:55.067 [INFO]  [Validating] >         at app//org.junit.jupiter.api.AssertionFailureBuilder.buildAndThrow(AssertionFailureBuilder.java:132)
22:26:55.067 [INFO]  [Validating] >         at app//org.junit.jupiter.api.AssertEquals.failNotEqual(AssertEquals.java:197)
22:26:55.067 [INFO]  [Validating] >         at app//org.junit.jupiter.api.AssertEquals.assertEquals(AssertEquals.java:150)
22:26:55.067 [INFO]  [Validating] >         at app//org.junit.jupiter.api.AssertEquals.assertEquals(AssertEquals.java:145)
22:26:55.067 [INFO]  [Validating] >         at app//org.junit.jupiter.api.Assertions.assertEquals(Assertions.java:528)
22:26:55.067 [INFO]  [Validating] >         at app//source.DDiffblueTest.testConstructor(DDiffblueTest.java:25)
22:26:55.067 [INFO]  [Validating] > Finished generating test XML results (0.021 secs) into: C:\Users\cbontoiu\Desktop\DiffblueTutorials\DemoCLI\extra\build\test-results\test
22:26:55.067 [INFO]  [Validating] > Generating HTML test report...
22:26:55.067 [INFO]  [Validating] > Finished generating test html results (0.022 secs) into: C:\Users\cbontoiu\Desktop\DiffblueTutorials\DemoCLI\extra\build\reports\tests\test
22:26:55.067 [INFO]  [Validating] > 
22:26:55.067 [INFO]  [Validating] > Deprecated Gradle features were used in this build, making it incompatible with Gradle 9.0.
22:26:55.067 [INFO]  [Validating] > 
22:26:55.067 [INFO]  [Validating] > You can use '--warning-mode all' to show the individual deprecation warnings and determine if they come from your own scripts or plugins.
22:26:55.067 [INFO]  [Validating] > 
22:26:55.067 [INFO]  [Validating] > For more on this, please refer to https://docs.gradle.org/8.2/userguide/command_line_interface.html#sec:command_line_warnings in the Gradle documentation.
22:26:55.067 [INFO]  [Validating] > 3 actionable tasks: 2 executed, 1 up-to-date
22:26:55.067 [INFO]  [Validating] > Watched directory hierarchies: [C:\Users\cbontoiu\Desktop\DiffblueTutorials\DemoCLI]
22:26:55.067 [INFO]  [Validating] Standard error of build tool (gradle)
22:26:55.068 [INFO]  [Validating] > 
22:26:55.068 [INFO]  [Validating] > 10 tests completed, 8 failed
22:26:55.068 [INFO]  [Validating] > 
22:26:55.068 [INFO]  [Validating] > FAILURE: Build failed with an exception.
22:26:55.068 [INFO]  [Validating] > 
22:26:55.068 [INFO]  [Validating] > * What went wrong:
22:26:55.068 [INFO]  [Validating] > Execution failed for task ':extra:test'.
22:26:55.068 [INFO]  [Validating] > > There were failing tests. See the report at: file:///C:/Users/cbontoiu/Desktop/DiffblueTutorials/DemoCLI/extra/build/reports/tests/test/index.html
22:26:55.068 [INFO]  [Validating] > 
22:26:55.068 [INFO]  [Validating] > * Try:
22:26:55.068 [INFO]  [Validating] > > Run with --scan to get full insights.
22:26:55.068 [INFO]  [Validating] > 
22:26:55.068 [INFO]  [Validating] > BUILD FAILED in 1s
22:26:55.080 [INFO]  [Validating] All 2 created tests were successfully validated.
22:26:55.081 [WARN]  [Validating] All resulting Diffblue tests are passing, but the validation command is still failing.
22:26:55.085 [WARN]  [Validating] E032: Failing tests detected while validating
During test validation there were some test failures. Please see the list below
and the contents of the log file. Without addressing these failing tests,
Diffblue Cover will be unable to properly validate the created tests.
Failing tests:
    source.ADiffblueTest.testMethod
    source.ADiffblueTest.testConstructor
    source.BDiffblueTest.testMethod
    source.BDiffblueTest.testConstructor
    source.CDiffblueTest.testMethod
    source.CDiffblueTest.testConstructor
    source.DDiffblueTest.testMethod
    source.DDiffblueTest.testConstructor
The output from running this command is available towards the end of the log
file.
22:26:55.161 [INFO]  [Reporting] Writing JSON report to C:\Users\cbontoiu\Desktop\DiffblueTutorials\DemoCLI\extra\.diffblue\reports\report.json
22:26:55.196 [INFO]  [Reporting] 
22:26:55.197 [WARN]  [Reporting] Cover completed with warnings
  The following warnings should be addressed to ensure that
  the highest quantity and quality of tests can be created:
-----------------------------------------------------------
22:26:55.081 [WARN]  [Validating] All resulting Diffblue tests are passing, but the validation command is still failing.
22:26:55.085 [WARN]  [Validating] E032: Failing tests detected while validating
During test validation there were some test failures. Please see the list below
and the contents of the log file. Without addressing these failing tests,
Diffblue Cover will be unable to properly validate the created tests.
Failing tests:
    source.ADiffblueTest.testMethod
    source.ADiffblueTest.testConstructor
    source.BDiffblueTest.testMethod
    source.BDiffblueTest.testConstructor
    source.CDiffblueTest.testMethod
    source.CDiffblueTest.testConstructor
    source.DDiffblueTest.testMethod
    source.DDiffblueTest.testConstructor
The output from running this command is available towards the end of the log
file.
22:26:55.199 [INFO]  [Reporting] Log file: C:\Users\cbontoiu\Desktop\DiffblueTutorials\DemoCLI\extra\.diffblue\log\user-20230917T222633.log
22:26:55.200 [INFO]  [Reporting] Finished in 21s
