22:44:12.088 [INFO]  [Preparing] Diffblue Cover 2023.09.01-9200f07-unrestricted
22:44:12.089 [INFO]  [Preparing] 
22:44:12.090 [INFO]  [Preparing] Running: dcover create --working-directory=extra source --keep-partial-tests --patch-only changes.patch
22:44:14.030 [INFO]  [Checking] Detecting environment:
22:44:14.031 [INFO]  [Checking] ----------------------
22:44:14.110 [INFO]  [Checking] Detected Java version 17.0.6
22:44:16.475 [INFO]  [Checking] Detected build system: Gradle 8.2
22:44:16.478 [INFO]  [Checking] Operating System: Windows 11 amd64 10.0
22:44:16.480 [INFO]  [Checking] Default charset: windows-1252
22:44:16.480 [INFO]  [Checking] Default locale: en_GB
22:44:16.480 [INFO]  [Checking] Default time zone: Europe/London
22:44:16.484 [INFO]  [Checking] Selected build system: Gradle
22:44:16.487 [INFO]  [Checking] Selected classpath from build system Gradle
22:44:16.489 [INFO]  [Checking] Expanded classpath: 
C:\Users\cbontoiu\Desktop\DiffblueTutorials\DemoCLI\extra\build\classes\java\test
C:\Users\cbontoiu\Desktop\DiffblueTutorials\DemoCLI\extra\build\classes\java\main (code under test)
C:\Users\cbontoiu\Desktop\DiffblueTutorials\DemoCLI\extra\build\resources\test
C:\Users\cbontoiu\Desktop\DiffblueTutorials\DemoCLI\extra\build\resources\main
C:\Users\cbontoiu\.gradle\caches\modules-2\files-2.1\org.junit.jupiter\junit-jupiter\5.9.1\9274d3757e224bc02eae367bd481062a263c150b\junit-jupiter-5.9.1.jar
C:\Users\cbontoiu\.gradle\caches\modules-2\files-2.1\org.junit.jupiter\junit-jupiter-params\5.9.1\ffcd1013edaeee112be11fcddeb38882d79238de\junit-jupiter-params-5.9.1.jar
C:\Users\cbontoiu\.gradle\caches\modules-2\files-2.1\org.junit.jupiter\junit-jupiter-engine\5.9.1\1bf771097bde296c3ab174861954e8aafaaf2e94\junit-jupiter-engine-5.9.1.jar
C:\Users\cbontoiu\.gradle\caches\modules-2\files-2.1\org.junit.jupiter\junit-jupiter-api\5.9.1\7bb53fbc0173e9f6a9d21d58297af94b1f2f9ce1\junit-jupiter-api-5.9.1.jar
C:\Users\cbontoiu\.gradle\caches\modules-2\files-2.1\org.junit.platform\junit-platform-engine\1.9.1\83591e5089d6cea5f324aa3ecca9b19d5a275803\junit-platform-engine-1.9.1.jar
C:\Users\cbontoiu\.gradle\caches\modules-2\files-2.1\org.junit.platform\junit-platform-commons\1.9.1\3145f821b5cd10abcdc5f925baa5fffa6f1b628f\junit-platform-commons-1.9.1.jar
C:\Users\cbontoiu\.gradle\caches\modules-2\files-2.1\org.mockito\mockito-core\5.4.0\30bcbe79f7bd51b53debfc4c6014d0bea4935e37\mockito-core-5.4.0.jar
C:\Users\cbontoiu\.gradle\caches\modules-2\files-2.1\net.bytebuddy\byte-buddy\1.14.5\28a424c0c4f362568e904d992c239c996cf7adc7\byte-buddy-1.14.5.jar
C:\Users\cbontoiu\.gradle\caches\modules-2\files-2.1\net.bytebuddy\byte-buddy-agent\1.14.5\20f4e9b9d0ffb953657bfa4b92c0cceb27907d58\byte-buddy-agent-1.14.5.jar
C:\Users\cbontoiu\.gradle\caches\modules-2\files-2.1\org.objenesis\objenesis\3.3\1049c09f1de4331e8193e579448d0916d75b7631\objenesis-3.3.jar
C:\Users\cbontoiu\.gradle\caches\modules-2\files-2.1\org.opentest4j\opentest4j\1.2.0\28c11eb91f9b6d8e200631d46e20a7f407f2a046\opentest4j-1.2.0.jar
22:44:16.618 [INFO]  [Checking] Detected test framework: JUnit Jupiter 5.9.1
22:44:16.625 [INFO]  [Checking] Detected JUnit Jupiter version 5.9.1
22:44:16.630 [INFO]  [Checking] Detected JUnit Jupiter Params version 5.9.1
22:44:16.660 [INFO]  [Checking] Detected Mockito version 5.4.0
22:44:17.154 [INFO]  [Checking] Indexing...
22:44:17.469 [INFO]  [Checking] Selected test output directory: C:\Users\cbontoiu\Desktop\DiffblueTutorials\DemoCLI\extra\src\test\java
22:44:17.476 [INFO]  [Checking] Running: Using JAVA_HOME: C:\Program Files\Java\jdk-17 : in C:\Users\cbontoiu\Desktop\DiffblueTutorials\DemoCLI\extra : gradle test -i  DummyJupiterDiffblueTest
22:44:18.835 [INFO]  [Checking] Selected test framework: JUnit Jupiter
22:44:18.868 [INFO]  [Checking] Running: Using JAVA_HOME: C:\Program Files\Java\jdk-17 : in C:\Users\cbontoiu\Desktop\DiffblueTutorials\DemoCLI\extra : gradle test -i  DummyJUnitJupiterLauncherDiffblueTest
22:44:19.969 [INFO]  [Checking] Detected JVM architecture: 64-Bit
22:44:20.590 [INFO]  [Checking] Using patch file: C:\Users\cbontoiu\Desktop\DiffblueTutorials\DemoCLI\extra\changes.patch
22:44:20.593 [INFO]  [Checking] Selected Java language compliance level: 17
22:44:20.594 [INFO]  [Checking] Selected test validation: enabled
22:44:20.598 [INFO]  [Checking] Prefixes for filtering classes/methods:
22:44:20.599 [INFO]  [Checking] - source
22:44:20.600 [INFO]  [Checking] Gathering methods to test...
22:44:20.609 [ERROR] [Checking] E080: Invalid patch file
Diffblue Cover was unable to read the given patch file
'C:\Users\cbontoiu\Desktop\DiffblueTutorials\DemoCLI\extra\changes.patch'
Cause: No such file or directory
22:44:20.618 [INFO]  [Reporting] 
22:44:20.619 [INFO]  [Reporting] Environment summary:
22:44:20.619 [INFO]  [Reporting] --------------------
22:44:20.622 [INFO]  [Reporting] Java version                  17.0.6                        SUCCESS        
22:44:20.622 [INFO]  [Reporting] Build system                  Gradle                        SUCCESS        
22:44:20.622 [INFO]  [Reporting] Mocking Framework             Mockito 5.4.0                 SUCCESS        
22:44:20.622 [INFO]  [Reporting] Testing framework             JUnit Jupiter 5               SUCCESS        
22:44:20.622 [INFO]  [Reporting] Launcher                      JUnit Jupiter                 SUCCESS        
22:44:20.622 [INFO]  [Reporting] Test validation               Enabled                       SUCCESS        
22:44:20.623 [ERROR] [Reporting] Methods to test                                             ERROR          
22:44:20.623 [INFO]  [Reporting] 
22:44:20.623 [ERROR] [Reporting] Environment check status: ERROR
22:44:20.642 [INFO]  [Checking] Log file: C:\Users\cbontoiu\Desktop\DiffblueTutorials\DemoCLI\extra\.diffblue\log\user-20230917T224411.log
22:44:20.643 [INFO]  [Reporting] Finished in 8s
